0.174513   -0.23076   0.426774
-0.442681   0.163965   -0.385633
-0.294347   -0.390232   -0.124702
-0.0135033   0.433018   -0.470565
0.270338   0.0288474   -0.384953
-0.0583532   0.409192   -0.323848
0.356148   -0.407024   -0.33403
0.319286   -0.346672   0.426552
0.18998   -0.0424829   -0.28722
0.180006   -0.2561   -0.443622
-0.163421   -0.156644   0.335823
0.250222   0.108795   0.420831
0.314545   -0.152029   -0.497357
0.218741   -0.185408   0.199173
0.141356   -0.343328   -0.431224
0.196045   0.154319   -0.0611698
-0.3746   0.0365102   0.136379
-0.0863542   0.0347575   0.0698463
-0.0471614   0.29593   0.0403321
0.47214   0.118093   0.434169
-0.272046   -0.177817   -0.37224
-0.479039   0.332809   0.0891179
-0.37912   -0.243908   0.222062
0.18633   0.0816003   0.355185
0.357685   0.0521733   -0.291063
-0.188902   0.483287   -0.100193
0.308959   -0.231115   0.0817522
-0.0601079   0.347724   -0.380865
0.312634   0.0407018   0.353697
0.0941913   0.17784   0.0266833
0.219276   0.0259451   0.113257
-0.313785   -0.279072   -0.494508
0.366754   0.214197   -0.40454
0.296241   -0.486215   0.100005
0.0756518   -0.317715   0.299643
0.473171   0.207672   -0.0990212
0.349676   -0.490613   0.26678
-0.0920302   -0.0331381   0.158608
0.0293604   -0.423133   0.265366
-0.147414   -0.196836   0.014977
-0.469562   -0.393384   0.415041
0.299034   0.183225   -0.120942
0.139908   -0.0778997   0.290177
-0.398479   -0.302405   -0.305196
0.15271   0.148389   -0.172243
0.429724   -0.403692   -0.381433
-0.138365   -0.493213   -0.450876
0.183713   0.12582   0.494749
0.301626   0.44952   0.160399
0.425479   -0.254086   -0.457076
0.00554111   0.375598   0.206787
-0.112319   -0.0119758   -0.356462
-0.0670915   0.476639   0.496877
-0.148846   0.355104   0.139611
0.158635   0.484722   0.457433
0.101919   -0.00973177   -0.314388
0.437581   0.382227   -0.476073
-0.419711   0.163474   0.466221
-0.416972   0.0683377   -0.0867281
-0.135702   -0.300993   0.0457724
-0.449312   0.170394   -0.0209398
-0.0597852   -0.413633   0.075259
-0.463246   -0.411658   -0.0783849
0.360482   0.080289   0.41697
0.12286   0.260182   0.137239
-0.240696   0.187026   0.398187
0.153173   0.000241555   0.320228
-0.412649   -0.470485   -0.400987
0.183768   0.232294   -0.3301
-0.0375255   0.443762   -0.113882
0.0365634   -0.311788   0.0523613
0.325908   -0.492395   -0.370014
-0.0736254   0.171811   0.433955
0.38465   -0.375289   0.237872
0.347714   0.120695   -0.41662
-0.430206   0.215771   0.299793
-0.331058   -0.465463   -0.468276
-0.306827   -0.1035   -0.300558
-0.480219   -0.382204   0.0299844
-0.367423   -0.310744   -0.213746
0.0321665   -0.468122   0.201661
-0.2189   0.457723   -0.181627
0.140769   -0.218384   -0.00401338
0.180086   -0.343161   -0.0772915
-0.219929   0.0433876   0.239524
-0.21083   0.340403   -0.366141
0.499653   0.153282   0.328537
-0.323542   -0.302753   0.21299
-0.398222   0.307783   0.376336
-0.0802671   0.256721   0.105362
-0.314384   -0.00342704   -0.0865796
-0.336949   0.425017   -0.288931
0.399806   -0.464621   -0.285481
0.399766   -0.448014   -0.48855
-0.0625202   0.38567   0.126269
-0.368009   -0.160462   0.124839
0.0699009   -0.318918   -0.0539045
0.283782   -0.476026   0.33012
0.0366925   0.1279   0.38077
-0.287549   -0.134357   -0.158488
-0.134917   0.288711   -0.00673672
0.0426873   0.32962   0.318358
0.409264   0.127944   -0.277562
0.381308   0.446017   0.178288
0.328433   0.185388   -0.225264
0.481834   0.249182   -0.210288
-0.142885   0.265563   0.266807
0.0810033   0.479817   -0.169254
