-0.0335337   -0.0497967   0.152
-0.220783   -0.406966   -0.251181
-0.352507   0.186968   0.0977108
-0.197382   -0.48286   -0.441455
-0.178915   -0.340438   0.375151
0.148499   0.468605   -0.298996
-0.0306637   0.221328   -0.0886343
0.138087   0.054053   0.235949
-0.323426   -0.176941   0.349765
0.176186   -0.491559   -0.102863
-0.277604   -0.288717   -0.454459
0.22587   0.0856183   0.445913
-0.188053   0.320107   -0.375367
-0.418813   -0.188233   0.162055
0.0960728   -0.366814   0.482568
0.0749507   0.343162   0.240451
0.201614   -0.142595   -0.168773
-0.468113   -0.416693   0.0256433
0.44891   -0.020835   0.381559
0.352957   0.497985   0.116474
0.156345   0.316319   -0.123992
-0.275784   0.386848   -0.231539
0.108645   -0.197581   -0.408449
-0.181879   0.0275856   -0.343593
-0.182964   -0.193409   0.205077
-0.357925   0.279064   0.439869
0.394636   0.387566   -0.0801209
0.401399   0.13896   -0.378505
0.220521   -0.0863959   0.0559627
-0.472957   0.422958   0.281247
0.326035   0.343857   0.254748
-0.370455   0.494843   -0.36756
-0.254111   0.330073   0.193582
-0.156847   -0.483075   0.200774
-0.0814031   -0.302581   -0.382325
0.320112   0.135945   0.275666
-0.170123   0.0296239   -0.144738
-0.153083   0.180952   0.470376
-0.374949   0.123726   -0.110996
-0.00843851   0.163904   0.308893
-0.0371989   -0.0972388   -0.229574
0.207428   -0.108494   0.329103
-0.431407   0.390311   0.0863783
-0.104214   0.336477   0.367675
0.377896   -0.199965   -0.0396811
-0.460496   0.154307   0.267218
-0.422434   -0.431008   0.454156
0.270948   0.244783   0.0474965
0.338073   -0.111637   -0.484529
-0.126021   -0.336524   0.0135085
-0.347348   0.153994   -0.347521
0.197102   0.444359   -0.489392
-0.0461678   -0.478814   0.398877
0.0410388   0.244347   0.493492
0.278123   -0.32919   -0.495248
0.384566   0.0355044   0.103886
0.248216   0.263916   -0.331072
0.281697   -0.00488247   -0.313273
0.352196   0.427934   -0.286101
0.371697   -0.168825   0.218625
-0.421703   -0.103862   -0.416445
-0.344141   -0.387745   0.189176
-0.039841   -0.286539   -0.182668
0.220262   0.270225   0.409733
0.00805439   0.0210687   -0.0227581
-0.0122467   0.429143   -0.448296
0.394265   -0.190529   -0.320216
-0.429034   0.493587   -0.160645
0.458008   0.171126   0.0043471
0.0208692   -0.0132851   0.37512
-0.12814   -0.127014   -0.0171782
0.0307518   -0.427756   0.186073
-0.301479   -0.0452404   0.140095
0.0661039   0.192759   0.0951898
-0.267536   0.156998   0.306363
-0.256209   0.448874   0.38896
0.419529   0.448594   -0.495318
-0.221794   -0.191265   -0.214585
-0.490315   -0.0327884   -0.23322
0.38963   0.227373   -0.198712
0.0170692   0.264061   -0.28351
-0.259037   0.490066   -0.0323978
0.108286   -0.268506   -0.0511641
-0.262721   0.293215   -0.043961
0.421005   0.254006   0.452199
-0.454534   -0.0823208   -0.0281585
0.233565   -0.33034   -0.300062
-0.0751941   0.373141   0.0363899
-0.140264   0.179072   0.0707965
-0.468705   0.310124   -0.316151
0.294117   0.0568523   -0.083009
-0.171948   -0.111912   0.495182
0.405337   -0.38072   0.277141
-0.0890882   0.489502   -0.129442
-0.182373   -0.0179003   0.303261
-0.364716   0.07053   0.464569
-0.01446   -0.239363   0.334898
0.359442   -0.370929   -0.128601
0.131   -0.23261   0.159548
-0.414386   -0.305165   -0.228015
0.000173245   0.0114425   -0.423792
0.461071   -0.409362   -0.354918
0.184982   0.423909   0.0858099
0.483489   -0.24146   0.402879
0.195368   -0.477221   0.334718
0.288918   -0.316471   0.0877251
0.103854   0.0688834   -0.205875
-0.319107   -0.288161   -0.0429895
