1.04783   0.560094   0.915457
0.634696   -1.23113   0.132809
0.833446   0.0719488   -1.52434
0.236026   -1.32827   -0.052784
0.414747   -0.565181   0.146171
2.17864   -0.030844   0.172294
-0.312923   -0.592789   -0.474623
-0.791367   -1.42886   1.89951
0.00644515   0.868236   1.83448
1.64202   -0.130781   -0.281239
0.137368   0.735749   -0.803791
0.556837   -1.87421   -1.09432
0.578638   0.982973   -0.0606608
-0.0423609   -1.05516   0.319913
1.32163   -0.843976   -1.30512
-1.1589   -1.19592   1.53575
0.678224   0.86683   1.14765
-0.508856   -0.446056   -0.957711
-1.72686   -1.17452   -0.0377582
2.30636   -0.00975686   0.316526
-0.472682   0.675057   1.35538
-0.926488   0.152614   -0.118657
0.16857   0.509418   -1.3001
-1.90125   1.0704   -0.00251355
-1.11723   -0.650979   0.233823
-1.17796   1.82577   2.02365
-0.0224601   -1.08931   0.343902
0.632003   2.19694   -0.997978
2.29174   2.06892   0.030794
0.745083   1.0935   -0.97492
-0.339542   -0.711615   1.00816
-0.69886   -0.286177   1.5376
1.09134   1.5815   -1.04808
0.85855   -0.703295   0.23244
-0.679517   1.43143   -1.0307
1.25692   -0.049202   -0.54215
0.257859   -2.7465   -0.97999
0.333926   -1.71398   1.99468
-0.604256   -0.0386094   1.187
0.55373   -0.786597   0.857541
1.02738   -0.790404   -0.436533
-1.7094   1.09104   0.757221
0.241703   0.619263   -1.04732
0.213791   -0.214472   0.792684
-0.0759057   -1.81118   -0.0677807
-1.22644   -0.177621   -0.0133961
0.656605   0.811912   -0.83283
0.453652   1.76415   -0.316694
-0.0427163   0.596359   -0.764459
0.17669   -0.863574   0.139909
-0.55428   1.67843   1.07766
-0.946393   0.797013   -0.701315
-0.614659   -0.0714752   -0.321627
-0.315765   -1.63308   -0.208474
-0.0505815   1.24501   0.89614
1.93793   0.285   1.00442
1.35392   0.291526   0.425267
-0.781778   0.70712   1.20247
1.12221   0.721807   0.483728
-1.24737   0.765094   0.0368553
-0.937424   1.98956   1.63761
-0.0815545   0.321996   0.899658
-0.204587   -1.0921   -0.165644
0.436869   -1.00007   0.384828
-0.992574   1.11114   0.164614
-0.539828   -1.9129   1.30576
0.865648   1.07342   -1.29686
-1.78639   -0.00357448   -0.887825
0.601741   -0.399121   -0.750392
0.29059   -0.382696   -0.518983
0.636548   0.295244   0.768102
-0.165538   0.514388   -1.0068
-0.0757088   0.68317   -0.417167
-1.45277   -0.549258   0.192078
-0.287579   -0.14503   -3.10496
0.271726   -0.304231   -0.368039
-0.0303093   -0.0871912   -0.477544
-0.201941   -0.874546   -1.17767
0.538449   -1.41842   -0.311311
-0.77556   1.71757   2.40159
-1.26439   1.58916   -0.41699
0.836027   0.520775   -1.25088
1.13816   -0.912137   0.162503
-0.0527057   1.10051   1.44382
-0.350569   1.78634   0.157876
-2.26222   -0.0200203   1.15869
-0.415748   -0.191258   -1.98865
2.38431   -2.73894   -0.384884
-0.411466   0.768765   -0.0725866
2.16404   -0.100579   -0.982749
0.929517   0.0362364   -0.354707
-0.296121   0.213882   1.75159
-0.627495   1.39043   0.281755
-1.33569   -0.368734   -1.89967
-0.49326   -1.05742   3.22292
-1.61828   -1.67088   -0.676515
-0.379908   1.0471   0.629068
1.8579   -0.660737   0.737496
-0.228003   0.443911   -0.675381
0.752614   -0.442278   -0.113934
-0.472839   -1.65643   -0.644917
-1.55725   0.802903   -0.280488
-1.05498   -0.455486   0.565267
-2.13849   -0.358252   -1.7839
-0.88668   -0.237571   -0.0189714
-0.550502   -1.20939   -0.917458
1.16466   -0.445363   -1.03454
1.15984   1.46852   -1.62881
