-0.59017   -0.131952   0.83124
2.07279   0.955996   -1.17682
0.0258962   -0.423367   -0.332548
-1.30464   0.00558009   0.531082
1.2548   -0.224922   1.02245
0.961598   -0.769927   -1.02304
-1.95254   -1.52088   0.705054
-1.42234   0.356738   -1.12579
-0.493948   0.0660722   -1.21464
-0.194537   -1.5791   -0.284969
-2.20758   -0.084407   0.909036
-2.54693   -0.678827   -0.672132
-0.40331   0.139122   2.39671
0.869461   -1.05155   0.74523
0.730916   1.79788   -1.95575
1.17818   0.766694   -0.155335
0.594199   -2.3564   -0.26022
1.44047   -1.3637   0.0936382
0.871934   0.0752774   2.04602
0.410684   0.426921   -1.87598
1.94688   0.355263   -0.0182373
-0.783475   0.97322   1.15327
-2.53554   -1.47801   -0.776231
-0.341783   -1.89239   0.999165
0.605375   -0.83629   -0.115771
0.0135193   1.12324   1.42719
1.96386   -0.369621   -0.626938
-1.1838   -0.719602   -0.945405
-0.48008   -1.00012   0.577605
2.20229   -1.11479   -0.216576
0.185891   0.277288   -1.53297
0.505557   -1.78054   -1.20244
-2.1133   -0.345568   -0.103807
0.929529   0.345491   0.000291779
-0.300837   2.55956   1.61914
-1.07566   -1.57649   1.32145
-6.79374e-05   0.201364   0.482124
1.71597   -0.864226   0.0204066
-0.997739   0.900058   1.91175
0.167375   1.06738   -0.524634
2.77028   -0.406929   -0.245989
0.583004   1.98278   -0.973919
0.980193   0.646475   -0.435236
-0.582444   -0.456524   0.412914
0.367485   -0.336546   0.378018
2.9899   -0.0603315   -0.332665
-0.383555   0.740072   0.368529
1.1139   1.76337   -0.292829
0.249476   -1.81064   0.399654
0.125243   -1.46464   0.314933
2.49057   0.147868   0.393371
-0.13534   0.112221   -0.695133
-0.723962   -0.510126   0.592126
-1.76346   0.835874   1.96345
-0.755365   -0.648996   2.18151
-1.16579   1.53043   2.49322
0.415565   0.609649   1.9089
-1.35768   1.06041   -0.66499
1.22166   -1.29673   1.233
-0.029363   0.291878   -2.90066
0.220691   -0.0543441   -1.14481
-1.46397   -0.816164   1.91202
-1.59913   1.9962   -1.34164
0.992129   2.62656   -0.145451
-0.121553   -0.613048   0.34907
0.302076   0.706519   -0.27921
-0.558136   1.04564   0.152216
0.948946   -1.84724   0.720314
0.122657   -1.45599   -1.17649
-0.218483   -0.356561   0.598813
0.147563   0.273764   -0.0434314
-0.238307   -0.711622   -0.864729
1.14899   -0.248501   0.251294
-0.564945   0.922875   -0.788428
-1.01223   0.769224   -0.703995
-0.656657   -0.835645   -1.08336
-0.117972   3.06602   -0.225738
-1.19686   -0.0504571   1.27914
1.62656   -0.205199   -0.355181
-1.08032   -1.33934   1.55999
0.90883   1.12026   -0.86361
-0.50294   0.912304   -0.976927
0.694108   -0.781128   -0.102863
0.430185   0.516774   0.17555
0.0645415   0.14148   -0.781149
1.18032   0.672817   0.231259
-1.8669   -0.6673   -0.304973
0.424352   -0.988321   -0.862262
-0.962571   -1.16404   0.589978
0.145628   1.88297   -1.44913
0.272182   -2.23387   0.154537
1.59939   2.01292   -2.05636
-0.367591   -0.606808   0.364577
-1.6272   0.683541   1.59574
1.87238   -0.761115   0.524008
-1.82129   0.875302   -0.135389
0.450819   0.110212   -0.938365
0.298457   -0.970916   0.010059
-1.00838   0.253177   0.749024
0.78911   -0.881817   -0.86502
-0.698793   1.41418   1.68644
-0.151074   0.210943   -0.121494
0.495751   -0.324099   -2.93499
-0.826447   0.259363   1.58877
-0.641533   0.581069   -0.738128
0.149733   0.582748   -1.07302
-0.729809   1.97807   -0.0824698
-1.38154   -0.661468   -0.804978
