0          -6
1.3779
-1.10606
0.550227
-1.43982
-1.00519
-0.50612
1.0218
-0.579257
-0.619899
0.916386
0.791214
-0.661425
-0.830646
-0.347836
1.17647
1.18762
-1.08662
0.953408
-1.24377
-1.01487
-0.723735
1.26648
-0.526209
0.523381
-0.417245
1.65736
0.337022
-0.920459
0.771089
1.05789
-0.663318
-1.01407
1.33658
1.03283
1.00769
-0.478669
-0.478669    -1.02027
-1.22534
-0.247998
-2.15121
-2.07536
-1.45571
-1.04336
1.3792
-0.260874
-0.751887
0.756754
0.542593
1.18245
1.56165
-0.667044
0.514604
0.756906
0.800033
-1.54777
1.07485
-0.724689
-1.39174
-0.845087
0.855549
1.25844
0.58824
-1.43198
1.07583
0.52467
-1.63863
1.15605
-0.438769
0.123727
-1.20722
1.33817
0.921434
-1.16673
-1.10489
0.982052
1.37628
-0.928462
0.706784
-0.879769
-0.879769    0.523749
0.823001
-1.07631
0.956534
1.34036
1.01
0.704618
0.769735
0.658014
0.487237
-1.68872
0.62579
-0.760148
0.888399
0.849905
-1.09932
0.920444
-0.923321
-0.850344
-0.767408
0.290071
-0.274421
-1.67035
-0.903682
-0.877351
1.11262
1.28333
0.775681
1.10972
-1.27898
-0.413107
-1.16261
0.712717
-0.852277
0.869882
1.34869
-0.793211
-0.84831
0.876575
1.29957
-1.31376
0.736719
0.887032
-0.707376
0.0780744
0.761278
-1.72372
-0.929269
0.879372
-0.84704
-0.850315
0.923317
1.06637
1.06637    0.408271
1.13397
-0.806337
-0.889482
-1.31439
1.20803
0.795898
1.35183
1.30356
-0.933689
1.16175
-0.793856
-1.24048
0.916253
1.49665
-0.502629
0.994929
-1.56833
-0.469285
0.99986
-1.05945
-1.33329
-0.651622
1.22255
-1.12203
1.37113
0.290973
-1.71929
0.456489
-1.1047
0.453551
-0.830189
1.06596
1.21164
1.12927
-0.903298
-1.02551
-0.864393
0.932712
-1.81129
0.598872
0.598872   -0.213054
-0.833868
1.15826
0.836451
1.21088
1.05051
-0.876931
-1.33564
-0.890831
1.04011
1.05378
-0.875841
-1.23125
-1.2887
0.848799
1.59722
-0.959446
0.934104
-0.752313
1.44352
0.897642
-0.803528
-0.772409
-1.38614
0.935419
-0.909566
0.747685
1.39181
-0.967124
0.876044
0.442273
-1.35179
-1.02533
1.16963
1.31681
0.967963
-1.34855
0.393963
-0.623579
1.05545
-0.959827
-0.760709
0.502031
1.15494
-1.50358
-1.50358   -0.569914
1.42345
1.32918
-1.47371
-0.965654
0.991168
-0.654781
-0.0637554
1.79056
-1.01592
1.06369
-1.20071
0.85373
1.38489
-1.31508
-0.121889
-0.398727
1.62737
0.60309
1.27825
0.644453
-1.21679
1.24862
1.12198
-0.943884
1.23415
-0.598333
0.959232
0.701866
1.2464
-0.786046
1.39496
0.873088
1.24363
-1.23163
0.497751
-1.00117
0.927555
1.23858
-1.00314
-0.473369
-0.528048
0.909301
0.887397
-1.55284
-1.55284   -0.659117
0.955664
-0.881193
1.05021
-0.970369
1.05554
1.53821
-0.561211
0.485628
1.2984
-1.6314
0.509325
1.78784
1.41016
-0.622376
0.235891
-0.644724
-0.924097
0.855188
0.937512
-0.632852
1.411
0.0837612
-0.385698
-0.32752
0.932123
1.29396
1.00511
1.65131
-0.516472
-0.0607089
0.325818
-1.51057
0.312979
-1.67029
1.2379
-1.04771
0.579276
1.30241
-0.542897
-0.511893
-0.511893   -0.760734
1.69037
-0.921666
-0.937013
0.710491
0.440746
-0.17081
0.953563
1.22386
-1.50882
0.0707799
-1.59466
0.720913
-0.887142
0.968791
1.12912
-1.27091
-0.790291
0.4429
1.57702
0.692262
1.07105
-1.27663
0.642577
-1.2255
-1.05542
-0.904173
-1.03134
-1.08114
0.766074
0.511433
0.705546
-1.32914
0.438897
0.478844
0.556031
-0.919685
1.27247
-0.620793
-0.620793   -0.102796
-0.749691
-0.338483
-0.247982
0.649264
-0.47402
-1.40979
1.41884
-0.988108
-0.79116
-0.693496
-1.34525
-1.50041
-0.299705
-1.63456
-1.57909
0.744417
0.847071
-0.886364
1.53604
1.21807
1.60676
0.628353
-0.82569
-0.790856
-1.73458
1.13949
-0.864279
1.30305
-1.18623
-0.79513
-1.16792
1.35766
1.54423
-0.611514
-1.40848
-1.55673
0.445185
-1.07711
-1.07711     0.39177
-0.624986
-1.4225
-0.996805
0.954084
-0.438078
-1.5853
-1.38864
0.447339
-1.54605
-0.550767
1.5088
0.290356
-0.65063
0.224733
-0.430974
1.23597
-0.832607
1.39042
1.48575
0.737131
1.12639
0.690324
-1.05446
1.13123
1.3621
0.688627
1.54967
-1.1585
1.22366
-1.1429
0.0596122
-1.90589
-0.988664
-1.16369
-1.15227
-0.450307
-0.571647
-0.990461
-0.66929
-1.44729
-1.0345
-1.34124
0.639281
-1.0942
0.795132
-0.0546945
0.0460414
0.601547
-0.53155
-0.634812
1.59521
-1.22504
0.897309
-0.917801
1.27759
0.71839
1.11846
-1.39175
0.754436
0.754436    0.360994
-1.91365
-1.28192
-1.63469
-1.18127
0.632759
1.44549
0.388388
-1.3368
0.566622
-0.835074
1.5416
1.32333
-1.48066
-0.425494
0.454357
-0.677592
-1.54975
0.478485
-1.40402
0.630004
-1.24434
1.25986
1.53825
-0.927631
-1.36252
-0.92631
0.694069
-1.00901
-1.05414
-1.02151
1.24682
-1.71329
0.795238
-0.47947
-1.48744
-1.01787
1.20243
-1.10499
-0.248424
1.66037
1.62844
-0.372652
-1.47932
-0.109127
0.107001
-0.45459
1.20242
-0.892711
-0.892711    0.528092
-0.565282
0.640812
0.665116
0.999623
-1.09566
-0.985544
-1.49784
-0.15422
0.296755
1.22351
1.10277
0.92112
1.27077
1.16253
-1.4169
-0.569708
-0.732701
-0.394281
-0.810692
-1.18038
0.336475
1.46582
1.19767
0.756404
0.64479
-0.647867
-0.23253
-1.64096
-1.53197
0.658174
1.80172
0.334671
1.39622
0.507505
0.225949
-0.647519
0.793301
-0.251119
0.198584
0.492871
0.668961
-1.37833
-1.1849
-1.1849    0.184807
0.571042
1.24817
-1.7181
0.100032
-0.325543
0.906983
-0.884799
-0.643285
-1.36566
-1.28146
-0.949021
1.24573
-0.709603
1.25778
0.892041
-0.710646
0.501811
-1.7573
0.572295
1.46111
-1.46187
-0.506361
0.354646
-1.4044
-0.751144
-0.826481
0.57881
0.581205
1.20979
-0.942553
-0.246953
-1.34165
-1.32493
0.577955
-1.04339
-0.541978
1.49442
-1.47013
-1.62917
1.20119
-1.57828
-0.552316
0.890318
-1.07993
-1.07993    0.387287
-1.6306
1.19241
1.44356
-0.11335
0.368934
1.62495
0.405421
-1.44539
1.02769
-1.12835
-0.900285
0.534023
1.26709
-0.895952
1.07709
-1.28644
1.43269
-1.49842
-0.342723
-1.06761
-0.926433
1.19147
-1.30967
1.00194
1.23673
1.1591
-0.717049
-1.82599
-1.55174
0.450083
-1.07005
0.336874
1.64534
-0.987334
1.0659
1.0659    0.408967
0.821779
0.232678
0.641561
0.799781
-1.07478
-1.09163
-0.89922
1.34548
1.14814
-0.985642
-1.06288
0.458326
-0.565076
1.26419
-0.352617
-1.26436
0.375051
-0.317224
-1.11634
-1.07578
-0.634431
-0.727543
-1.53929
-0.748812
-1.32691
1.2473
1.0642
-0.3814
-1.77103
-1.52732
0.719204
0.349004
1.97404
-0.286439
-0.353463
0.238271
-1.23369
1.12487
0.708983
-0.528785
0.946218
1.0466
1.0466    0.436303
1.08044
1.54494
-1.41718
-1.34203
-0.696173
1.69335
0.643861
-0.66607
1.41069
-1.12271
-1.63347
1.16981
1.39441
0.593772
1.20367
0.897477
-1.30886
-0.689277
-1.26649
-1.39827
0.727293
-1.01028
-0.813705
1.44106
0.449578
-1.77585
-1.13127
-0.831474
-0.977345
-0.910686
1.23216
-1.2593
1.11535
-1.08315
-1.25276
-0.488986
1.06032
-0.656199
1.01897
1.43892
-1.40915
-1.24369
-0.740738
-1.20461
0.752339
1.47213
0.425636
1.09975
-1.30862
1.13466
1.13466    0.289682
1.17243
-0.742187
1.30776
-1.26212
-0.245982
-0.834158
-0.21639
-0.302355
0.473891
1.56747
0.714492
-0.89427
0.562417
-0.880129
1.30227
-1.29612
0.560883
1.66005
1.65244
1.2445
1.17512
0.796407
-1.16716
1.26254
1.08949
1.62624
-0.815025
-1.21801
-1.0635
0.787573
-1.07593
-0.716579
0.291172
1.35052
-0.619514
0.778197
0.998414
1.03453
0.970283
-0.94622
0.669599
0.977025
1.78334
-1.18996
0.528828
-0.801702
0.591659
-0.585606
-1.19518
-0.489023
0.540652
0.725046
-1.31948
-1.31948   -0.139033
1.06243
-0.954471
1.27882
-1.31058
0.789642
-0.547114
-1.39546
0.493231
1.64793
0.43506
-0.367973
1.11926
-1.07239
0.928421
-1.15914
-1.51488
0.44929
1.21899
-1.44157
-1.51566
0.689531
0.866684
0.654581
1.03355
1.22887
-1.05313
-0.694425
-1.55926
0.465448
0.359546
-0.115694
-0.790637
-0.813291
0.90196
0.113258
0.597512
0.846228
0.846228    0.502332
0.853046
0.515769
-0.683975
1.33485
-0.533338
-0.696147
-1.42082
1.56247
0.554075
-1.43757
1.1543
-0.70094
0.878005
-1.30715
-1.41853
0.854336
1.15363
0.748133
0.914919
0.611319
0.917161
-0.636483
0.617255
-1.34574
1.1549
1.1724
-1.0923
1.23755
0.776358
0.790666
-1.5096
0.992211
-0.804046
-0.541177
-1.12411
0.508761
0.508761   -0.783957
-1.70711
0.820089
0.968865
-1.11201
-0.969902
0.71908
1.58463
0.553842
-1.19447
-1.39186
-1.57498
0.985184
0.690822
0.977585
1.24356
0.55159
1.26607
0.779051
-1.17156
-0.759606
-0.865507
0.631858
-0.646794
-0.513093
0.940007
-1.51748
-0.938477
-1.12923
1.04453
-0.695002
1.43185
0.482972
-1.33265
1.01305
0.65916
1.27771
-1.42248
-0.562093
1.46381
0.868661
1.0419
-0.680167
1.60807
0.393398
1.29141
1.29141   -0.068702
1.19424
-0.989479
-0.748883
0.661655
0.86034
-0.521742
-1.35469
-0.707101
0.855608
-1.39383
-0.282839
-0.497554
1.16092
-0.725197
1.53161
1.19147
-0.797469
-0.636861
-0.683007
1.14523
0.109007
-1.15149
0.683039
-1.08929
1.45623
-0.273739
0.206181
1.10097
1.66072
1.60299
0.928255
0.968008
-0.839385
1.15422
0.884029
0.941948
1.661
2.03902
0.381527
1.53274
1.18257
-1.17962
1.09124
-1.00184
0.779352
-1.0974
-0.937014
1.36294
-1.49144
0.804242
-1.08845
-1.35781
-1.35781   -0.235129
-0.805692
-0.833245
-1.06974
-0.681117
-1.04617
-1.51833
1.20649
-0.678527
-1.22839
1.51958
0.818965
0.719797
1.14711
-1.50621
1.2228
-0.275797
-0.42876
-1.21918
-0.681666
-1.52559
0.952152
-0.953979
1.29683
1.69198
-1.30679
1.37538
0.425978
1.36393
1.39854
0.198845
-1.27347
0.802172
0.581554
-0.592839
-1.20604
-0.838723
-0.900183
0.949734
0.669957
-0.681899
1.86132
1.97839
0.770682
-1.23258
0.701365
1.35067
1.30841
-1.64283
0.234634
0.742059
-1.12823
0.665867
0.429881
0.716359
-1.10653
-1.10653    0.342305
1.6129
1.26835
1.77208
1.85794
-0.605298
0.54862
-1.73847
-0.0304792
-1.61198
0.482952
-1.47196
0.419457
0.32412
-0.306167
-1.65487
1.27669
0.935664
-0.870174
-0.612752
-0.96866
0.414266
-1.57204
-0.728618
0.97388
-1.39844
0.895107
0.483653
1.55726
1.43655
1.22069
0.324026
-0.852816
0.541915
-0.0672982
0.850936
1.46604
-1.32416
-0.585021
-0.57639
1.22607
-0.849087
0.479456
0.847993
-1.27339
1.1477
1.1477    0.263714
0.926845
-1.46065
1.48308
-1.37871
1.25009
0.406886
-0.24085
-1.31161
-0.395953
-1.54359
-1.70628
0.626345
-1.31878
0.841403
-0.88141
-0.708092
-1.45003
1.39515
-0.782044
-0.740733
-1.30207
-1.26479
-1.4737
1.23428
-1.03731
0.527905
-1.03285
1.24284
1.55003
-1.27
0.537411
0.276513
1.56087
0.258771
0.646747
1.39293
-1.03867
1.16262
0.969348
0.727372
-0.741041
-0.854094
-1.05352
-0.564018
-0.440123
0.492491
-1.37109
0.63784
-0.892469
1.39942
1.55948
-1.16951
-1.16951    0.218266
-0.271311
1.92774
1.46779
1.38732
1.28986
-0.634292
0.101118
-1.05233
1.08398
0.793166
0.533067
-1.84722
-0.296248
-0.11212
-2.0297
-0.575996
-1.31241
-0.985509
1.32186
1.16792
0.87031
-1.38522
1.54021
0.699326
-1.43474
0.777046
1.0326
-0.690489
0.506139
-0.988434
0.703132
-1.5028
-1.10008
-1.22528
-0.716164
0.717666
0.960017
-0.831896
-1.16548
1.3212
-1.22187
0.983798
0.983798    0.502986
0.159598
1.25415
0.248841
-0.329979
1.10134
0.790393
0.831776
1.43003
-1.25093
1.51302
0.365402
1.68524
-0.308757
1.60899
-0.429236
1.60537
0.942217
1.80764
0.571069
-0.45393
0.463222
0.839755
-0.931711
0.968089
0.804129
0.442863
1.23123
-1.28992
-1.20223
-1.06086
1.49926
0.787882
-1.00767
-1.46848
-0.0857758
-0.649164
0.750616
0.671027
1.54338
-1.03718
-0.943843
-0.386467
0.931396
-0.479569
-1.67204
1.07148
-0.650915
-0.839545
-1.28681
-1.28681  -0.0572401
0.770681
0.87358
-0.931759
1.1905
0.598909
-0.615573
-0.200728
1.32373
1.11798
-0.881676
-0.183774
-0.480207
1.60445
1.58299
0.917623
1.21923
1.06024
-1.51489
-0.412811
1.46536
-1.11446
1.1394
1.09172
1.42324
0.911692
0.751288
-0.210507
-1.78091
0.189078
0.968697
0.470286
-1.66017
-1.01075
1.01814
-0.792904
1.06996
-0.479396
-1.02424
1.88389
-0.424336
-0.937678
0.359006
-1.56327
-1.40251
0.93091
-0.813516
-1.12319
-1.12319     0.31173
0.722353
-0.53745
-0.442017
2.04608
0.263254
0.764008
0.982175
-1.03696
0.429111
-1.47057
0.659023
-0.944429
0.912043
-1.10839
-1.59562
0.507943
-1.17733
0.949763
-0.913754
-1.30234
-0.856729
-1.00106
1.36014
-0.661552
1.71134
1.25707
-1.40252
-0.970417
-0.985235
1.49478
0.790284
1.41796
0.690827
-0.859102
1.01008
0.540159
-1.43596
-0.356979
-1.67515
-1.78074
0.267373
1.78648
0.723023
0.64966
0.865526
0.865526    0.516482
-1.05149
-0.952113
1.11752
1.1593
-0.74217
0.809147
-0.470152
1.0691
-1.39354
-0.981132
0.593335
1.38269
-0.415155
-0.701585
1.49608
0.617329
-0.576081
-0.634519
1.07534
1.1048
-1.46033
-1.42654
1.14469
0.88607
-1.06315
0.889348
-0.645317
-1.14022
-1.13682
0.740042
-0.655893
-1.53695
-0.684354
0.442962
-1.45327
0.275508
0.942523
-1.20951
1.27905
1.38192
0.566248
-1.80539
-1.03549
-1.39919
-1.2755
-1.21774
-0.74231
0.950702
0.950702    0.522756
1.12407
-0.79774
-1.25723
-0.716552
0.666391
0.584314
0.73824
1.41879
0.752251
-1.17292
-1.81705
-0.538617
-0.854851
1.38549
1.00694
1.23379
1.38453
-1.08557
1.18329
1.35485
-0.793929
0.512797
0.883985
-0.468524
1.72217
-0.548414
-1.15105
-1.54846
0.573618
-1.70945
0.634059
-0.88797
-1.83491
0.472431
-1.05219
-0.837422
-1.49125
-0.5856
0.938357
-1.64594
-1.53067
1.40215
0.471884
-0.629301
-0.629301  -0.0628106
-1.08124
-0.740607
-1.86614
0.650897
-0.759214
-0.800751
0.661794
0.820229
0.657082
1.20933
0.938659
-1.60895
0.440873
-0.233147
0.277548
1.90633
0.433161
-0.60719
-1.01837
1.41919
0.897891
0.944786
0.306833
-1.1553
0.758251
-1.18705
-0.693458
-1.24933
0.560314
0.894347
0.93033
-0.274884
0.131842
1.0631
-0.958742
-0.560944
-1.03015
0.759282
-1.88529
-0.992605
-0.62621
0.895046
1.88559
0.369807
0.347102
0.801097
0.840183
0.480183
0.509179
0.925942
-0.46591
1.46424
0.495113
0.495113    -0.88815
0.974299
-0.660499
1.2114
0.927165
-1.57634
1.11929
0.855258
-1.16099
1.23562
0.831902
0.695654
1.25844
0.866271
0.956242
0.803131
-0.841512
-0.848032
-1.27384
-1.54009
-0.442822
1.50762
-1.06796
1.01636
-1.39963
0.440492
-1.03581
-0.780313
0.919786
1.0078
-1.42478
1.03475
-1.02504
-1.29508
1.14406
-0.846547
0.994805
0.593953
-0.93575
-1.37441
1.24857
0.993359
1.20132
-1.48931
0.865063
1.45782
1.51622
0.379858
-1.36955
1.17958
1.27627
-0.849074
-0.685861
-0.685861    0.165298
1.30118
-0.518118
-0.647706
-1.46571
0.69166
1.40594
1.01433
-1.58809
-1.62669
1.16097
1.34311
-0.8811
0.454755
1.22707
1.11413
1.04035
1.60089
0.424105
-1.63758
0.787188
-0.393975
0.305309
1.6144
-1.29833
-1.39645
1.30731
0.473322
0.726343
1.11655
-0.532613
-0.312965
-0.467583
1.61634
-0.448211
0.461502
1.5567
0.984044
0.813698
0.842089
1.64851
1.23235
0.764163
0.348286
1.57288
-0.798125
-1.59473
-0.318253
-0.521888
1.72979
-0.493619
-1.17692
1.5516
1.60595
0.394304
-1.29878
-1.29878  -0.0871106
0.850898
-0.88468
-1.27828
0.747721
1.21409
1.54762
-0.611283
-1.35337
0.345097
-2.0386
-0.325194
0.941361
1.59796
0.674839
-1.32153
0.0586839
1.20289
1.48827
-0.596096
-0.494811
0.967112
-0.517443
1.17664
1.01687
-1.17866
0.0642164
1.41625
0.880616
-1.88868
0.0487726
1.18682
-1.19991
-0.637879
-0.753238
-1.47292
0.830592
1.74747
0.597218
0.532938
1.29996
-0.959439
1.03316
1.03316    0.453534
0.883085
0.921994
1.01452
0.653076
1.6376
1.43185
0.60286
1.57019
-0.558599
1.34106
-0.433418
-0.369597
-1.00217
-1.23381
1.04062
-1.49268
0.842167
-0.913121
0.896529
0.891263
1.02199
-1.20888
1.08946
-0.863021
0.235554
-0.712216
1.00102
-0.829033
-1.15315
0.359419
0.708687
1.24334
1.36107
0.985136
-1.17799
-1.12088
0.799772
0.162241
0.162241    -4.79353
-0.276699
1.10016
-1.08393
-1.01521
1.00603
1.40172
-0.464142
1.09122
0.690008
-0.856733
0.475403
0.85623
0.95298
0.970094
-1.08756
1.11413
-0.760717
-0.928203
-0.730692
0.556514
-1.31471
0.509121
0.533201
0.943699
0.726299
-1.23833
1.31946
0.896743
-1.10145
-0.568351
0.867497
1.16968
0.872298
-1.2992
1.24882
1.51689
0.575515
-0.377144
1.74053
-0.105948
-1.85104
-1.85104    -0.62017
0.652599
-0.824041
-0.676164
-0.818139
0.327635
-0.294492
-1.29156
0.741368
1.30575
-1.64737
0.987152
1.0435
1.77129
-0.72403
1.36069
0.811792
-1.23695
-0.71955
-1.19343
0.811343
1.17721
-1.1226
1.29881
-1.1121
-0.185281
1.1041
1.03232
-1.13169
-0.712096
-1.19758
1.52536
-0.679202
-0.227836
1.48318
1.21916
-0.951403
-1.05621
1.0896
1.19872
-1.35177
-1.35177   -0.220063
1.56888
-0.587765
-1.21992
-0.642437
0.693682
-0.552901
0.0373058
-1.30329
1.40349
-1.44846
-1.8495
-0.407026
1.57816
1.09922
-0.940317
-1.18336
1.58473
1.34847
0.536356
-0.860178
-1.00157
-0.840493
0.896665
0.532945
1.20208
-0.611027
-0.334572
-0.310683
-0.289187
1.36668
-0.98768
1.08512
1.07881
0.63485
1.43434
1.33384
0.32855
1.34295
-1.46354
-1.33996
-1.55633
0.367451
-1.14497
0.72835
0.72835    0.296343
-0.890248
-0.848629
-0.807515
0.287592
-0.987531
1.21917
1.09936
-1.44008
-1.52005
1.45432
-0.72663
0.691765
1.01935
0.830886
-1.36411
1.59806
0.508524
1.08653
1.09311
-0.712463
-1.0548
-1.46541
0.750692
-0.553845
0.842992
-0.434635
-1.70866
-1.16094
-1.15265
-1.15683
1.30144
0.977381
-0.434996
0.459276
1.50689
0.68506
-0.751372
-0.505904
1.58207
1.82075
-0.832811
-0.832811    0.489478
-1.17275
-1.45169
-1.45043
-0.710777
-0.906566
-0.892905
0.945845
1.35174
-0.650964
1.11638
1.35185
0.656448
1.09956
1.28738
0.658981
-0.0810595
-1.05261
-0.777625
0.114331
-0.696344
-1.24089
1.22044
1.02218
1.41854
-0.541508
0.854383
0.991079
0.995954
1.09364
0.709701
1.18819
1.24692
-0.917551
-0.988999
-0.403311
1.33998
0.354104
1.87212
1.63461
0.479523
0.769945
0.615722
0.55456
-1.0141
1.56783
-1.3526
-1.1619
-0.361355
1.86947
1.86947   -0.570687
0.669319
-1.32935
0.769601
-1.13096
1.03382
-1.50622
1.17062
-0.503623
-1.37283
1.28903
1.47837
-0.441595
-1.68399
-1.49767
-1.83246
-0.383195
-0.746908
0.819241
1.23868
1.60358
0.85646
-0.788192
-1.12778
-0.439835
0.753779
-0.689236
-0.826544
1.1163
1.09413
1.33527
1.06863
-0.77994
0.906038
1.68757
0.740279
1.27209
1.10305
-0.940328
0.0407563
-0.237553
-0.503983
-1.77745
-1.6348
-0.954384
-0.954384    0.521127
1.03308
1.00884
1.12421
-1.50896
0.558919
0.482639
-0.636739
-1.22106
-0.840811
0.642428
1.00599
0.497455
1.17165
-1.59574
-0.364912
-0.467662
0.922082
-0.895231
-0.575801
1.14194
0.489244
1.14332
-0.650387
0.801439
0.903123
-0.961889
-0.381256
0.606298
1.46992
0.254719
-1.40082
0.452187
-1.25227
1.05558
1.12984
0.776029
-1.03787
0.83853
0.806478
-1.33342
-1.77255
0.554928
1.3809
-0.546318
-0.968643
0.487693
-1.52318
-1.41956
1.06327
0.957626
1.34471
1.34471   -0.202382
0.888016
-1.28667
1.22121
0.866544
0.829852
0.412974
-0.698985
0.966495
-1.33012
1.57841
1.17265
0.742025
1.34414
0.0343609
-0.0813967
0.641369
1.48404
-1.48951
-0.430583
0.133303
0.89412
1.31329
-0.723788
-1.00881
-0.93301
-1.37986
1.40805
-0.56822
1.35358
-0.896363
0.518458
-0.404573
-0.811559
0.811055
-0.723075
-0.977719
1.20873
1.00715
-0.332059
-1.40298
-0.591716
1.53444
-0.56142
-1.61258
-1.38119
0.948091
1.08246
1.01677
-0.373268
-0.782731
1.67782
0.694026
-0.335878
-0.54363
-1.26964
1.29345
1.29345  -0.0737858
-0.853028
-1.04875
-0.753826
-1.67813
0.628087
0.702763
1.15245
0.871583
0.622538
-0.494393
1.19759
-1.29613
-1.03841
0.917183
-0.634144
-0.619122
-1.46332
-1.17927
-1.32901
-0.0596106
0.340383
-0.296971
0.0822073
-0.784999
1.29476
1.24497
1.16337
0.915182
1.00053
1.43066
-0.564884
-1.62393
-0.873813
-1.14457
-1.15357
0.770123
-0.498922
1.25506
0.0714704
0.760278
-2.01391
-1.58006
-1.62043
-0.593461
-0.930595
1.11904
1.11707
-0.880541
0.353349
1.12106
0.931064
0.967491
-0.442591
1.71199
0.943387
0.943387    0.525554
0.812989
-1.43032
-0.917332
-0.879263
-1.58743
-1.42192
0.285699
0.521664
-1.43751
1.4111
0.393503
1.57475
-1.21339
0.743653
-0.228646
0.344065
1.28015
1.38315
-0.0938141
-1.76977
0.517643
-0.399453
-0.893898
-1.38837
-0.932573
0.312232
1.03379
-1.32499
-1.08382
-0.761858
-0.0229228
-0.846633
0.654079
-1.15472
-1.38534
-1.51344
1.03534
1.2414
1.37238
-0.233703
0.430776
-1.14218
-1.14218    0.274822
0.661786
1.59127
1.07242
0.815257
-1.64235
-0.976144
0.920372
-1.21671
0.980999
0.922963
1.19868
-0.919403
-0.896612
-0.480484
-1.66628
1.14505
-0.930612
0.422364
1.18478
-1.75962
0.0840804
1.09191
-0.417529
-0.26253
-0.458792
1.46363
-0.975694
-1.20042
1.13756
-1.1069
0.419337
1.37407
-0.961288
-1.85896
0.0205346
-1.22018
-0.362537
1.82625
-0.550005
-1.27408
-0.840294
-0.840294    0.496957
-0.802322
0.877999
0.589356
0.865913
0.859554
1.03928
-1.49968
-1.5242
1.25396
0.807014
0.80754
-1.57761
-0.681676
-0.488138
0.853656
0.894596
0.822266
1.33946
1.87483
1.28264
1.00002
0.599655
2.06302
-0.541078
-0.745143
-1.22536
0.693409
-0.818281
1.58005
0.938314
1.05151
0.575934
0.938871
0.0547416
1.4134
-1.15368
-0.567101
0.742123
-0.21276
0.617335
1.19274
1.48531
-0.764174
-0.352261
-0.76314
0.439213
1.1515
-0.591348
-0.591348   -0.253351
-0.908484
-1.83052
-0.165516
1.15333
0.901229
0.646427
-1.8053
-1.58109
0.0359788
-0.639833
1.15544
-0.279343
0.576146
-1.25622
1.24243
0.644182
-0.496731
-0.619658
-1.41006
1.09441
-1.09009
-1.30594
1.01883
-1.18244
0.876185
-1.13129
-1.23485
-1.14568
0.751958
1.43929
-0.420016
0.0675017
-0.440729
1.01881
-0.547621
-0.426738
-1.06382
1.03617
-1.10926
-1.26277
-0.904047
-0.572466
-0.62123
0.528335
-1.38076
1.3467
0.216574
0.679158
0.679158    0.141566
1.18308
-1.24144
0.872093
0.227983
-0.0465276
0.616278
0.778655
0.574669
-2.2417
-0.720954
0.432914
-0.743402
-1.64068
-1.05467
-1.12922
0.821503
0.711025
0.72331
-0.783926
-0.967712
-1.26701
-0.774665
1.1948
-1.13178
0.428942
0.733917
1.63261
-1.12419
-0.918625
-0.727611
1.12386
-1.52931
1.05773
-1.01466
-1.77918
-1.53872
-1.10122
-1.24508
1.03271
1.38033
1.39739
1.52251
0.629855
-1.27283
1.71385
0.107615
1.06219
1.06219    0.414446
1.2339
1.18061
-0.567952
1.16223
-0.729653
-0.601875
-0.836707
0.187189
-0.1884
0.907471
0.54978
-0.753567
0.658376
-1.10357
0.596634
0.408445
1.15258
-0.341003
-0.47632
1.21679
0.60356
0.32147
-0.285535
0.171093
-0.531198
-1.55099
0.434985
-1.14731
1.14083
0.728802
1.45445
1.08237
-1.31969
-0.597549
1.06633
1.2932
-1.36677
0.402206
-0.933191
-0.379262
0.310591
-1.5069
-0.929971
-1.094
-0.936945
