           1  -0.0490356           0
           2  -0.0759962   0.0425122
           3   -0.067182   0.0246607
           4  -0.0324602   0.0201805
           5  0.00620307   0.0215495
           6  -0.0230052   0.0203475
           7  -0.0546303   0.0211723
           8   -0.058222   0.0175722
           9  -0.0680295   0.0156424
          10   -0.113099   0.0215888
          11   -0.129984   0.0204224
          12   -0.140711   0.0189479
          13   -0.150117   0.0176967
          14   -0.147747   0.0159657
          15   -0.159247   0.0154152
          16   -0.151924   0.0139994
          17   -0.147454   0.0128176
          18   -0.149812   0.0120143
          19    -0.13299   0.0112925
          20   -0.127861    0.010456
          21    -0.12551  0.00974534
          22   -0.126094  0.00918053
          23   -0.143956  0.00989772
          24   -0.146046  0.00942644
          25     -0.1566  0.00945867
          26   -0.166485  0.00945208
          27   -0.171571   0.0091891
          28   -0.173226  0.00882178
          29   -0.167214   0.0083693
          30   -0.164588  0.00797053
          31   -0.168806  0.00777756
          32   -0.160352  0.00743984
          33   -0.167487  0.00740606
          34   -0.167124  0.00712313
          35   -0.164608  0.00682956
          36   -0.162798  0.00656195
          37   -0.159858  0.00630152
          38   -0.161851  0.00613646
          39   -0.157725  0.00590185
          40   -0.157419  0.00570996
          41    -0.15314  0.00550286
          42    -0.15107  0.00531245
          43   -0.154807  0.00524599
          44   -0.157152  0.00514423
          45   -0.166016  0.00530691
          46   -0.164342  0.00514219
          47   -0.167793  0.00508098
          48    -0.17101  0.00501734
          49   -0.171198  0.00489232
          50   -0.177842  0.00495657
