           1   -0.113099           0
           2   -0.127861    0.064777
           3   -0.164588   0.0590231
           4   -0.157419   0.0417052
           5   -0.177842   0.0379472
           6   -0.181229   0.0318026
           7   -0.185091   0.0276032
           8   -0.180945    0.023557
           9   -0.184454   0.0212457
          10   -0.194808   0.0203171
          11   -0.192794   0.0182294
          12   -0.199997   0.0173575
          13    -0.19214   0.0155423
          14   -0.192134   0.0143785
          15   -0.187785   0.0131479
          16   -0.184583   0.0121232
          17   -0.190729   0.0118163
          18   -0.184362    0.010895
          19   -0.182934   0.0102226
          20    -0.18135  0.00961433
          21   -0.181029  0.00911696
          22   -0.179988   0.0086386
          23    -0.18002  0.00824494
          24   -0.176601  0.00778038
          25   -0.177564  0.00749172
          26   -0.172718  0.00707627
          27   -0.173776  0.00683853
          28   -0.173817  0.00658172
          29   -0.172899   0.0063146
          30   -0.175373  0.00618726
          31   -0.171694  0.00590186
          32   -0.173821  0.00578118
          33   -0.170803  0.00553471
          34   -0.172643  0.00542163
          35   -0.173184  0.00527249
          36   -0.173463   0.0051248
          37   -0.171593  0.00494026
          38    -0.16923  0.00475956
          39   -0.170685  0.00467073
          40   -0.170384  0.00454002
          41   -0.171991  0.00446655
          42   -0.173024  0.00437997
          43   -0.172973  0.00427113
          44   -0.175945  0.00425598
          45   -0.177403  0.00419198
          46   -0.176625  0.00408127
          47   -0.174078  0.00395592
          48   -0.173005  0.00385059
          49   -0.176577  0.00386933
          50   -0.175902  0.00377543
