           1   -0.436008           0
           2    -0.42996    0.215022
           3   -0.421747    0.140677
           4   -0.434351    0.108816
           5   -0.442158   0.0886352
           6   -0.437166   0.0730268
           7   -0.435947   0.0623986
           8   -0.433795   0.0543204
           9   -0.437172   0.0486619
          10   -0.438214   0.0438923
          11   -0.433997   0.0395333
          12   -0.437343   0.0365233
          13   -0.436792   0.0336659
          14   -0.435284   0.0311515
          15   -0.435329   0.0290738
          16   -0.435279   0.0272503
          17    -0.43735   0.0257712
          18     -0.4379   0.0243678
          19   -0.437774   0.0230766
          20   -0.433593   0.0217324
          21   -0.434915   0.0207598
          22   -0.430747    0.019645
          23   -0.428834   0.0187094
          24   -0.430053   0.0179795
          25   -0.430004   0.0172559
          26   -0.431554   0.0166523
          27   -0.432982   0.0160886
          28   -0.431206   0.0154526
          29   -0.431222   0.0149185
          30   -0.432227   0.0144541
          31   -0.432936   0.0140098
          32    -0.43322   0.0135795
          33   -0.434511   0.0132077
          34   -0.433264   0.0127833
          35   -0.434591   0.0124567
          36    -0.43463   0.0121106
          37   -0.434899   0.0117896
          38   -0.434294    0.011463
          39   -0.434788   0.0111811
          40   -0.434859   0.0109025
          41   -0.435559   0.0106535
          42   -0.435179   0.0103902
          43   -0.436264   0.0101744
          44   -0.436277  0.00994284
          45   -0.435496  0.00970467
          46   -0.435342   0.0094898
          47   -0.435803  0.00929736
          48   -0.435951  0.00910625
          49   -0.435632  0.00891354
          50   -0.435667  0.00873551
