           1   -0.436008           0
           2    -0.42996    0.215022
           3   -0.421747    0.140677
           4   -0.434351    0.108816
           5   -0.442158   0.0886352
           6   -0.437166   0.0730268
           7   -0.435947   0.0623986
           8   -0.433795   0.0543204
           9   -0.437172   0.0486619
          10   -0.438214   0.0438923
          11   -0.433997   0.0395333
          12   -0.437343   0.0365233
          13   -0.436792   0.0336659
          14   -0.435284   0.0311515
          15   -0.435329   0.0290738
          16   -0.435279   0.0272503
          17    -0.43735   0.0257712
          18     -0.4379   0.0243678
          19   -0.437774   0.0230766
          20   -0.433593   0.0217324
          21   -0.434915   0.0207598
          22   -0.430747    0.019645
          23   -0.428834   0.0187094
          24   -0.430053   0.0179795
          25   -0.430004   0.0172559
          26   -0.431554   0.0166523
          27   -0.432982   0.0160886
          28   -0.431206   0.0154526
          29   -0.431222   0.0149185
          30   -0.432227   0.0144541
          31   -0.432936   0.0140098
          32    -0.43322   0.0135795
          33   -0.434511   0.0132077
          34   -0.433264   0.0127833
          35   -0.434591   0.0124567
          36    -0.43463   0.0121106
          37   -0.434899   0.0117896
          38   -0.434294    0.011463
          39   -0.434788   0.0111811
          40   -0.434859   0.0109025
          41   -0.435559   0.0106535
          42   -0.435179   0.0103902
          43   -0.436264   0.0101744
          44   -0.436277  0.00994284
          45   -0.435496  0.00970467
          46   -0.435342   0.0094898
          47   -0.435803  0.00929736
          48   -0.435951  0.00910625
          49   -0.435632  0.00891354
          50   -0.435667  0.00873551
          51   -0.435978     0.00857
          52   -0.435807  0.00840152
          53   -0.435747   0.0082415
          54   -0.435323  0.00808087
          55   -0.433599  0.00790575
          56   -0.433914   0.0077699
          57   -0.433567  0.00762728
          58   -0.433872  0.00750077
          59   -0.432663  0.00735454
          60   -0.432188  0.00722398
          61   -0.432184  0.00710515
          62    -0.43104  0.00697334
          63   -0.431286  0.00686628
          64   -0.431263  0.00675831
          65   -0.431125  0.00665194
          66   -0.431418  0.00655539
          67   -0.431165  0.00645358
          68   -0.431678  0.00636623
          69   -0.432001  0.00627849
          70   -0.431758  0.00618516
          71   -0.431654  0.00609635
          72   -0.431652  0.00601142
          73   -0.432218  0.00593696
          74   -0.432632  0.00586229
          75    -0.43268  0.00578455
          76   -0.433103  0.00571399
          77    -0.43336  0.00564298
          78   -0.433236  0.00556888
          79   -0.433398  0.00550028
          80   -0.432271  0.00541876
          81     -0.4322  0.00535081
          82   -0.431687  0.00527944
          83   -0.431315  0.00521133
          84   -0.431983  0.00515757
          85   -0.431852   0.0050952
          86    -0.43222  0.00504021
          87   -0.431604  0.00497548
          88   -0.431606  0.00491881
          89   -0.430967   0.0048567
          90   -0.431554  0.00480947
          91   -0.431057   0.0047513
          92   -0.431086  0.00469981
          93   -0.430998  0.00464819
          94   -0.430997  0.00459859
          95   -0.431428  0.00455478
          96   -0.431541  0.00450838
          97    -0.43129  0.00445926
          98   -0.431549  0.00441634
          99   -0.431808  0.00437429
         100   -0.431879  0.00433113
