           1   -0.113099           0
           2   -0.127861    0.064777
           3   -0.164588   0.0590231
           4   -0.157419   0.0417052
           5   -0.177842   0.0379472
           6   -0.181229   0.0318026
           7   -0.185091   0.0276032
           8   -0.180945    0.023557
           9   -0.184454   0.0212457
          10   -0.194808   0.0203171
          11   -0.192794   0.0182294
          12   -0.199997   0.0173575
          13    -0.19214   0.0155423
          14   -0.192134   0.0143785
          15   -0.187785   0.0131479
          16   -0.184583   0.0121232
          17   -0.190729   0.0118163
          18   -0.184362    0.010895
          19   -0.182934   0.0102226
          20    -0.18135  0.00961433
          21   -0.181029  0.00911696
          22   -0.179988   0.0086386
          23    -0.18002  0.00824494
          24   -0.176601  0.00778038
          25   -0.177564  0.00749172
          26   -0.172718  0.00707627
          27   -0.173776  0.00683853
          28   -0.173817  0.00658172
          29   -0.172899   0.0063146
          30   -0.175373  0.00618726
          31   -0.171694  0.00590186
          32   -0.173821  0.00578118
          33   -0.170803  0.00553471
          34   -0.172643  0.00542163
          35   -0.173184  0.00527249
          36   -0.173463   0.0051248
          37   -0.171593  0.00494026
          38    -0.16923  0.00475956
          39   -0.170685  0.00467073
          40   -0.170384  0.00454002
          41   -0.171991  0.00446655
          42   -0.173024  0.00437997
          43   -0.172973  0.00427113
          44   -0.175945  0.00425598
          45   -0.177403  0.00419198
          46   -0.176625  0.00408127
          47   -0.174078  0.00395592
          48   -0.173005  0.00385059
          49   -0.176577  0.00386933
          50   -0.175902  0.00377543
          51   -0.176399  0.00370627
          52   -0.176029  0.00362411
          53   -0.175221  0.00353886
          54   -0.174721  0.00346115
          55   -0.174891  0.00339722
          56   -0.172648   0.0033089
          57   -0.173571  0.00326442
          58   -0.175303  0.00324037
          59   -0.176405  0.00320254
          60   -0.174644   0.0031266
          61   -0.175254  0.00308224
          62   -0.174685  0.00302157
          63   -0.175632  0.00298689
          64   -0.176245  0.00294717
          65   -0.176031  0.00289598
          66     -0.1762  0.00285182
          67   -0.174675  0.00279154
          68   -0.174173  0.00274163
          69   -0.174321  0.00270145
          70   -0.174145  0.00265816
          71   -0.173393  0.00261001
          72   -0.173457  0.00257234
          73    -0.17487  0.00255843
          74   -0.174536  0.00251781
          75   -0.174091  0.00247714
          76   -0.174122  0.00244295
          77   -0.173466  0.00240248
          78   -0.172469  0.00236053
          79   -0.171927  0.00232319
          80   -0.171676  0.00228959
          81   -0.171496  0.00225761
          82   -0.172415  0.00224124
          83   -0.172076   0.0022091
          84   -0.171574  0.00217631
          85   -0.172036  0.00215487
          86   -0.172169  0.00212984
          87   -0.173582  0.00212463
          88   -0.174035  0.00210445
          89   -0.175303  0.00209714
          90   -0.175407  0.00207358
          91   -0.174649  0.00204318
          92   -0.175776  0.00203456
          93   -0.176355  0.00201815
          94   -0.176586  0.00199787
          95   -0.176203  0.00197222
          96   -0.175295   0.0019438
          97   -0.176016  0.00193096
          98   -0.176525  0.00191569
          99   -0.176024  0.00189113
         100   -0.176428  0.00187535
