1  1.39544  0.0284654
2  -0.219318  0.00463879
3  -0.255062  0.00942704
4  -0.382821  0.00768524
5  -0.429376  0.0043124
6  -0.421216  0.00843486
7  -0.25877  0.00537318
8  -0.345781  0.00588869
9  -0.327686  0.00666177
10  -0.421445  0.00846121
11  -0.427112  0.00734374
12  -0.387516  0.0069308
13  -0.424889  0.00851661
14  -0.419692  0.0084324
15  -0.447907  0.00897546
16  -0.185611  0.00413119
17  -0.407657  0.00818443
18  -0.44406  0.00706313
19  -0.419448  0.00840321
20  -0.361679  0.00625293
21  -0.399803  0.00803015
22  -0.383141  0.0062734
23  -0.442186  0.00885639
24  -0.389642  0.00780784
25  -0.393549  0.00792166
26  -0.438393  0.00850777
27  -0.420856  0.00843103
28  -0.418148  0.00837406
29  -0.424799  0.00851894
30  -0.423906  0.00850226
31  -0.449336  0.00899675
32  -0.359046  0.00723719
33  -0.415219  0.00834133
34  -0.433798  0.00869471
35  -0.436688  0.00875273
36  -0.415848  0.00836417
37  -0.440508  0.00882767
38  -0.448438  0.00897654
39  -0.437747  0.0082849
40  -0.42889  0.00859221
41  -0.424553  0.00851438
42  -0.428955  0.00859476
43  -0.442926  0.00886664
44  -0.380954  0.00769628
45  -0.442094  0.0087892
46  -0.410846  0.00823767
47  -0.419398  0.00842152
48  -0.436098  0.00842775
49  -0.357815  0.00717622
50  -0.422362  0.0081896
51  -0.427026  0.00856002
52  -0.452659  0.00906259
53  -0.440929  0.00882776
54  -0.414911  0.00831754
55  -0.435207  0.00872231
56  -0.436168  0.008742
57  -0.452113  0.0090484
58  -0.366822  0.00739574
59  -0.320838  0.00588066
60  -0.3996  0.00774085
61  -0.402685  0.0080918
62  -0.428581  0.00859732
63  -0.447648  0.0089676
64  -0.433122  0.00867719
65  -0.447404  0.00892543
66  -0.446115  0.00893209
67  -0.415998  0.00833843
68  -0.418662  0.00838478
69  -0.446774  0.00891682
70  -0.41487  0.00830908
71  -0.456278  0.00913323
72  -0.430784  0.00863483
73  -0.412824  0.00828829
74  -0.445223  0.00891749
75  -0.427385  0.0085843
76  -0.435922  0.00873759
77  -0.426582  0.00855122
78  -0.428446  0.00843345
79  -0.449343  0.0088934
80  -0.44944  0.00900164
81  -0.451092  0.00903501
82  -0.434785  0.00871695
83  -0.454836  0.00892716
84  -0.443852  0.00888644
85  -0.431621  0.00863846
86  -0.445439  0.00860556
87  -0.435619  0.00872614
88  -0.444034  0.00889967
89  -0.437365  0.00875821
90  -0.440534  0.00882123
91  -0.433131  0.00867928
92  -0.426897  0.00855761
93  -0.441833  0.00885533
94  -0.426765  0.00855734
95  -0.447242  0.00895522
96  -0.447214  0.00896157
97  -0.445999  0.00893155
98  -0.442601  0.00886612
99  -0.433638  0.00869181
100  -0.43985  0.00882066
