1.39544  1  1.03239  -1.47063
-0.219318  2  0.367333  -1.08208
-0.255062  3  0.772323  -0.883244
-0.382821  4  0.794524  -0.732739
-0.429376  5  0.838848  -0.57397
-0.421216  6  0.767612  -0.667794
-0.25877  7  0.9472  -0.507581
-0.345781  8  0.953516  -0.705116
-0.327686  9  0.717668  -0.807463
-0.421445  10  0.849577  -0.563943
-0.427112  11  0.771373  -0.652278
-0.387516  12  0.718336  -0.700215
-0.424889  13  0.904534  -0.597622
-0.419692  14  0.914195  -0.621201
-0.447907  15  0.882376  -0.630372
-0.185611  16  0.849544  -0.891295
-0.407657  17  0.813011  -0.707292
-0.44406  18  0.871516  -0.591511
-0.419448  19  0.922982  -0.609016
-0.361679  20  0.983067  -0.644968
-0.399803  21  0.950292  -0.627748
-0.383141  22  0.824254  -0.534742
-0.442186  23  0.811992  -0.601649
-0.389642  24  0.74983  -0.706584
-0.393549  25  0.907113  -0.689949
-0.438393  26  0.78668  -0.619256
-0.420856  27  0.75364  -0.642575
-0.418148  28  0.757546  -0.665386
-0.424799  29  0.86791  -0.5741
-0.423906  30  0.835132  -0.686994
-0.449336  31  0.849341  -0.644833
-0.359046  32  0.780305  -0.760587
-0.415219  33  0.834094  -0.560897
-0.433798  34  0.869715  -0.586928
-0.436688  35  0.860451  -0.573271
-0.415848  36  0.850543  -0.55642
-0.440508  37  0.854922  -0.659299
-0.448438  38  0.818822  -0.61117
-0.437747  39  0.81282  -0.583691
-0.42889  40  0.801803  -0.686743
-0.424553  41  0.849142  -0.673911
-0.428955  42  0.788476  -0.663511
-0.442926  43  0.810637  -0.651035
-0.380954  44  0.916967  -0.694539
-0.442094  45  0.789772  -0.618142
-0.410846  46  0.779667  -0.698986
-0.419398  47  0.85997  -0.690115
-0.436098  48  0.80387  -0.578984
-0.357815  49  0.664248  -0.612279
-0.422362  50  0.747694  -0.641956
-0.427026  51  0.772291  -0.58259
-0.452659  52  0.838186  -0.637134
-0.440929  53  0.783528  -0.601635
-0.414911  54  0.742614  -0.579156
-0.435207  55  0.806398  -0.660063
-0.436168  56  0.825208  -0.663046
-0.452113  57  0.82607  -0.618081
-0.366822  58  0.791754  -0.756483
-0.320838  59  0.794584  -0.818426
-0.3996  60  0.789672  -0.718925
-0.402685  61  0.792103  -0.705008
-0.428581  62  0.873197  -0.670275
-0.447648  63  0.808779  -0.602413
-0.433122  64  0.818876  -0.679567
-0.447404  65  0.833975  -0.592674
-0.446115  66  0.795383  -0.615198
-0.415998  67  0.776609  -0.686517
-0.418662  68  0.736581  -0.604841
-0.446774  69  0.818634  -0.593406
-0.41487  70  0.736029  -0.618676
-0.456278  71  0.813017  -0.619178
-0.430784  72  0.910378  -0.599911
-0.412824  73  0.936435  -0.651177
-0.445223  74  0.836684  -0.63271
-0.427385  75  0.882565  -0.579885
-0.435922  76  0.890566  -0.618506
-0.426582  77  0.906469  -0.646049
-0.428446  78  0.909108  -0.639631
-0.449343  79  0.818209  -0.616207
-0.44944  80  0.845204  -0.611458
-0.451092  81  0.838727  -0.611344
-0.434785  82  0.862791  -0.590351
-0.454836  83  0.838395  -0.620612
-0.443852  84  0.811165  -0.622864
-0.431621  85  0.760467  -0.627958
-0.445439  86  0.829323  -0.669477
-0.435619  87  0.790901  -0.590729
-0.444034  88  0.801631  -0.585932
-0.437365  89  0.785476  -0.637907
-0.440534  90  0.80688  -0.648065
-0.433131  91  0.893012  -0.631173
-0.426897  92  0.907649  -0.624819
-0.441833  93  0.861679  -0.599642
-0.426765  94  0.87163  -0.578132
-0.447242  95  0.846393  -0.631498
-0.447214  96  0.853319  -0.633416
-0.445999  97  0.869302  -0.619074
-0.442601  98  0.8653  -0.593151
-0.433638  99  0.866174  -0.587103
-0.43985  100  0.858723  -0.583317
