           1   -0.451384           0
           2   -0.447968    0.223997
           3   -0.426323    0.142661
           4   -0.409263    0.102958
           5   -0.419659    0.084436
           6   -0.431869   0.0724766
           7   -0.432282   0.0621107
           8   -0.440259   0.0553667
           9   -0.438644   0.0490023
          10   -0.437283   0.0439424
          11   -0.435477   0.0397684
          12   -0.434132   0.0363299
          13   -0.432366   0.0333919
          14   -0.430964   0.0308997
          15   -0.431708   0.0288821
          16   -0.432488   0.0271199
          17   -0.436556   0.0257768
          18   -0.437303   0.0243814
          19   -0.438009   0.0231312
          20   -0.438529    0.021997
          21   -0.438397   0.0209399
          22     -0.4387    0.019999
          23   -0.438064   0.0190999
          24   -0.437025   0.0182599
          25   -0.436659    0.017513
          26   -0.436292   0.0168237
          27   -0.436723   0.0162151
          28   -0.437109   0.0156485
          29   -0.435681   0.0150608
          30   -0.436286   0.0145781
          31   -0.436695   0.0141201
          32   -0.436671    0.013677
          33    -0.43576    0.013235
          34   -0.435281   0.0128311
          35   -0.434614   0.0124452
          36   -0.434507   0.0120957
          37   -0.435474   0.0117953
          38   -0.434271   0.0114543
          39   -0.434029   0.0111538
          40   -0.435236   0.0109061
          41   -0.434971   0.0106331
          42   -0.435249   0.0103861
          43   -0.435702   0.0101547
          44   -0.435994  0.00993017
          45   -0.436618  0.00972329
          46   -0.437963  0.00954272
          47    -0.43793  0.00933851
          48   -0.437761  0.00914005
          49   -0.437286  0.00894369
          50   -0.437012  0.00875904
