-------------Blocco 1-esimo---------------
beta : 1
<H> : 1.39544
Incertezza <H> : 0.0284654
mu : 1.03239
sigma : -1.47063

-------------Blocco 2-esimo---------------
beta : 2
<H> : -0.219318
Incertezza <H> : 0.00463879
mu : 0.367333
sigma : -1.08208

-------------Blocco 3-esimo---------------
beta : 3
<H> : -0.255062
Incertezza <H> : 0.00942704
mu : 0.772323
sigma : -0.883244

-------------Blocco 4-esimo---------------
beta : 4
<H> : -0.382821
Incertezza <H> : 0.00768524
mu : 0.794524
sigma : -0.732739

-------------Blocco 5-esimo---------------
beta : 5
<H> : -0.429376
Incertezza <H> : 0.0043124
mu : 0.838848
sigma : -0.57397

-------------Blocco 6-esimo---------------
beta : 6
<H> : -0.421216
Incertezza <H> : 0.00843486
mu : 0.767612
sigma : -0.667794

-------------Blocco 7-esimo---------------
beta : 7
<H> : -0.25877
Incertezza <H> : 0.00537318
mu : 0.9472
sigma : -0.507581

-------------Blocco 8-esimo---------------
beta : 8
<H> : -0.345781
Incertezza <H> : 0.00588869
mu : 0.953516
sigma : -0.705116

-------------Blocco 9-esimo---------------
beta : 9
<H> : -0.327686
Incertezza <H> : 0.00666177
mu : 0.717668
sigma : -0.807463

-------------Blocco 10-esimo---------------
beta : 10
<H> : -0.421445
Incertezza <H> : 0.00846121
mu : 0.849577
sigma : -0.563943

-------------Blocco 11-esimo---------------
beta : 11
<H> : -0.427112
Incertezza <H> : 0.00734374
mu : 0.771373
sigma : -0.652278

-------------Blocco 12-esimo---------------
beta : 12
<H> : -0.387516
Incertezza <H> : 0.0069308
mu : 0.718336
sigma : -0.700215

-------------Blocco 13-esimo---------------
beta : 13
<H> : -0.424889
Incertezza <H> : 0.00851661
mu : 0.904534
sigma : -0.597622

-------------Blocco 14-esimo---------------
beta : 14
<H> : -0.419692
Incertezza <H> : 0.0084324
mu : 0.914195
sigma : -0.621201

-------------Blocco 15-esimo---------------
beta : 15
<H> : -0.447907
Incertezza <H> : 0.00897546
mu : 0.882376
sigma : -0.630372

-------------Blocco 16-esimo---------------
beta : 16
<H> : -0.185611
Incertezza <H> : 0.00413119
mu : 0.849544
sigma : -0.891295

-------------Blocco 17-esimo---------------
beta : 17
<H> : -0.407657
Incertezza <H> : 0.00818443
mu : 0.813011
sigma : -0.707292

-------------Blocco 18-esimo---------------
beta : 18
<H> : -0.44406
Incertezza <H> : 0.00706313
mu : 0.871516
sigma : -0.591511

-------------Blocco 19-esimo---------------
beta : 19
<H> : -0.419448
Incertezza <H> : 0.00840321
mu : 0.922982
sigma : -0.609016

-------------Blocco 20-esimo---------------
beta : 20
<H> : -0.361679
Incertezza <H> : 0.00625293
mu : 0.983067
sigma : -0.644968

-------------Blocco 21-esimo---------------
beta : 21
<H> : -0.399803
Incertezza <H> : 0.00803015
mu : 0.950292
sigma : -0.627748

-------------Blocco 22-esimo---------------
beta : 22
<H> : -0.383141
Incertezza <H> : 0.0062734
mu : 0.824254
sigma : -0.534742

-------------Blocco 23-esimo---------------
beta : 23
<H> : -0.442186
Incertezza <H> : 0.00885639
mu : 0.811992
sigma : -0.601649

-------------Blocco 24-esimo---------------
beta : 24
<H> : -0.389642
Incertezza <H> : 0.00780784
mu : 0.74983
sigma : -0.706584

-------------Blocco 25-esimo---------------
beta : 25
<H> : -0.393549
Incertezza <H> : 0.00792166
mu : 0.907113
sigma : -0.689949

-------------Blocco 26-esimo---------------
beta : 26
<H> : -0.438393
Incertezza <H> : 0.00850777
mu : 0.78668
sigma : -0.619256

-------------Blocco 27-esimo---------------
beta : 27
<H> : -0.420856
Incertezza <H> : 0.00843103
mu : 0.75364
sigma : -0.642575

-------------Blocco 28-esimo---------------
beta : 28
<H> : -0.418148
Incertezza <H> : 0.00837406
mu : 0.757546
sigma : -0.665386

-------------Blocco 29-esimo---------------
beta : 29
<H> : -0.424799
Incertezza <H> : 0.00851894
mu : 0.86791
sigma : -0.5741

-------------Blocco 30-esimo---------------
beta : 30
<H> : -0.423906
Incertezza <H> : 0.00850226
mu : 0.835132
sigma : -0.686994

-------------Blocco 31-esimo---------------
beta : 31
<H> : -0.449336
Incertezza <H> : 0.00899675
mu : 0.849341
sigma : -0.644833

-------------Blocco 32-esimo---------------
beta : 32
<H> : -0.359046
Incertezza <H> : 0.00723719
mu : 0.780305
sigma : -0.760587

-------------Blocco 33-esimo---------------
beta : 33
<H> : -0.415219
Incertezza <H> : 0.00834133
mu : 0.834094
sigma : -0.560897

-------------Blocco 34-esimo---------------
beta : 34
<H> : -0.433798
Incertezza <H> : 0.00869471
mu : 0.869715
sigma : -0.586928

-------------Blocco 35-esimo---------------
beta : 35
<H> : -0.436688
Incertezza <H> : 0.00875273
mu : 0.860451
sigma : -0.573271

-------------Blocco 36-esimo---------------
beta : 36
<H> : -0.415848
Incertezza <H> : 0.00836417
mu : 0.850543
sigma : -0.55642

-------------Blocco 37-esimo---------------
beta : 37
<H> : -0.440508
Incertezza <H> : 0.00882767
mu : 0.854922
sigma : -0.659299

-------------Blocco 38-esimo---------------
beta : 38
<H> : -0.448438
Incertezza <H> : 0.00897654
mu : 0.818822
sigma : -0.61117

-------------Blocco 39-esimo---------------
beta : 39
<H> : -0.437747
Incertezza <H> : 0.0082849
mu : 0.81282
sigma : -0.583691

-------------Blocco 40-esimo---------------
beta : 40
<H> : -0.42889
Incertezza <H> : 0.00859221
mu : 0.801803
sigma : -0.686743

-------------Blocco 41-esimo---------------
beta : 41
<H> : -0.424553
Incertezza <H> : 0.00851438
mu : 0.849142
sigma : -0.673911

-------------Blocco 42-esimo---------------
beta : 42
<H> : -0.428955
Incertezza <H> : 0.00859476
mu : 0.788476
sigma : -0.663511

-------------Blocco 43-esimo---------------
beta : 43
<H> : -0.442926
Incertezza <H> : 0.00886664
mu : 0.810637
sigma : -0.651035

-------------Blocco 44-esimo---------------
beta : 44
<H> : -0.380954
Incertezza <H> : 0.00769628
mu : 0.916967
sigma : -0.694539

-------------Blocco 45-esimo---------------
beta : 45
<H> : -0.442094
Incertezza <H> : 0.0087892
mu : 0.789772
sigma : -0.618142

-------------Blocco 46-esimo---------------
beta : 46
<H> : -0.410846
Incertezza <H> : 0.00823767
mu : 0.779667
sigma : -0.698986

-------------Blocco 47-esimo---------------
beta : 47
<H> : -0.419398
Incertezza <H> : 0.00842152
mu : 0.85997
sigma : -0.690115

-------------Blocco 48-esimo---------------
beta : 48
<H> : -0.436098
Incertezza <H> : 0.00842775
mu : 0.80387
sigma : -0.578984

-------------Blocco 49-esimo---------------
beta : 49
<H> : -0.357815
Incertezza <H> : 0.00717622
mu : 0.664248
sigma : -0.612279

-------------Blocco 50-esimo---------------
beta : 50
<H> : -0.422362
Incertezza <H> : 0.0081896
mu : 0.747694
sigma : -0.641956

-------------Blocco 51-esimo---------------
beta : 51
<H> : -0.427026
Incertezza <H> : 0.00856002
mu : 0.772291
sigma : -0.58259

-------------Blocco 52-esimo---------------
beta : 52
<H> : -0.452659
Incertezza <H> : 0.00906259
mu : 0.838186
sigma : -0.637134

-------------Blocco 53-esimo---------------
beta : 53
<H> : -0.440929
Incertezza <H> : 0.00882776
mu : 0.783528
sigma : -0.601635

-------------Blocco 54-esimo---------------
beta : 54
<H> : -0.414911
Incertezza <H> : 0.00831754
mu : 0.742614
sigma : -0.579156

-------------Blocco 55-esimo---------------
beta : 55
<H> : -0.435207
Incertezza <H> : 0.00872231
mu : 0.806398
sigma : -0.660063

-------------Blocco 56-esimo---------------
beta : 56
<H> : -0.436168
Incertezza <H> : 0.008742
mu : 0.825208
sigma : -0.663046

-------------Blocco 57-esimo---------------
beta : 57
<H> : -0.452113
Incertezza <H> : 0.0090484
mu : 0.82607
sigma : -0.618081

-------------Blocco 58-esimo---------------
beta : 58
<H> : -0.366822
Incertezza <H> : 0.00739574
mu : 0.791754
sigma : -0.756483

-------------Blocco 59-esimo---------------
beta : 59
<H> : -0.320838
Incertezza <H> : 0.00588066
mu : 0.794584
sigma : -0.818426

-------------Blocco 60-esimo---------------
beta : 60
<H> : -0.3996
Incertezza <H> : 0.00774085
mu : 0.789672
sigma : -0.718925

-------------Blocco 61-esimo---------------
beta : 61
<H> : -0.402685
Incertezza <H> : 0.0080918
mu : 0.792103
sigma : -0.705008

-------------Blocco 62-esimo---------------
beta : 62
<H> : -0.428581
Incertezza <H> : 0.00859732
mu : 0.873197
sigma : -0.670275

-------------Blocco 63-esimo---------------
beta : 63
<H> : -0.447648
Incertezza <H> : 0.0089676
mu : 0.808779
sigma : -0.602413

-------------Blocco 64-esimo---------------
beta : 64
<H> : -0.433122
Incertezza <H> : 0.00867719
mu : 0.818876
sigma : -0.679567

-------------Blocco 65-esimo---------------
beta : 65
<H> : -0.447404
Incertezza <H> : 0.00892543
mu : 0.833975
sigma : -0.592674

-------------Blocco 66-esimo---------------
beta : 66
<H> : -0.446115
Incertezza <H> : 0.00893209
mu : 0.795383
sigma : -0.615198

-------------Blocco 67-esimo---------------
beta : 67
<H> : -0.415998
Incertezza <H> : 0.00833843
mu : 0.776609
sigma : -0.686517

-------------Blocco 68-esimo---------------
beta : 68
<H> : -0.418662
Incertezza <H> : 0.00838478
mu : 0.736581
sigma : -0.604841

-------------Blocco 69-esimo---------------
beta : 69
<H> : -0.446774
Incertezza <H> : 0.00891682
mu : 0.818634
sigma : -0.593406

-------------Blocco 70-esimo---------------
beta : 70
<H> : -0.41487
Incertezza <H> : 0.00830908
mu : 0.736029
sigma : -0.618676

-------------Blocco 71-esimo---------------
beta : 71
<H> : -0.456278
Incertezza <H> : 0.00913323
mu : 0.813017
sigma : -0.619178

-------------Blocco 72-esimo---------------
beta : 72
<H> : -0.430784
Incertezza <H> : 0.00863483
mu : 0.910378
sigma : -0.599911

-------------Blocco 73-esimo---------------
beta : 73
<H> : -0.412824
Incertezza <H> : 0.00828829
mu : 0.936435
sigma : -0.651177

-------------Blocco 74-esimo---------------
beta : 74
<H> : -0.445223
Incertezza <H> : 0.00891749
mu : 0.836684
sigma : -0.63271

-------------Blocco 75-esimo---------------
beta : 75
<H> : -0.427385
Incertezza <H> : 0.0085843
mu : 0.882565
sigma : -0.579885

-------------Blocco 76-esimo---------------
beta : 76
<H> : -0.435922
Incertezza <H> : 0.00873759
mu : 0.890566
sigma : -0.618506

-------------Blocco 77-esimo---------------
beta : 77
<H> : -0.426582
Incertezza <H> : 0.00855122
mu : 0.906469
sigma : -0.646049

-------------Blocco 78-esimo---------------
beta : 78
<H> : -0.428446
Incertezza <H> : 0.00843345
mu : 0.909108
sigma : -0.639631

-------------Blocco 79-esimo---------------
beta : 79
<H> : -0.449343
Incertezza <H> : 0.0088934
mu : 0.818209
sigma : -0.616207

-------------Blocco 80-esimo---------------
beta : 80
<H> : -0.44944
Incertezza <H> : 0.00900164
mu : 0.845204
sigma : -0.611458

-------------Blocco 81-esimo---------------
beta : 81
<H> : -0.451092
Incertezza <H> : 0.00903501
mu : 0.838727
sigma : -0.611344

-------------Blocco 82-esimo---------------
beta : 82
<H> : -0.434785
Incertezza <H> : 0.00871695
mu : 0.862791
sigma : -0.590351

-------------Blocco 83-esimo---------------
beta : 83
<H> : -0.454836
Incertezza <H> : 0.00892716
mu : 0.838395
sigma : -0.620612

-------------Blocco 84-esimo---------------
beta : 84
<H> : -0.443852
Incertezza <H> : 0.00888644
mu : 0.811165
sigma : -0.622864

-------------Blocco 85-esimo---------------
beta : 85
<H> : -0.431621
Incertezza <H> : 0.00863846
mu : 0.760467
sigma : -0.627958

-------------Blocco 86-esimo---------------
beta : 86
<H> : -0.445439
Incertezza <H> : 0.00860556
mu : 0.829323
sigma : -0.669477

-------------Blocco 87-esimo---------------
beta : 87
<H> : -0.435619
Incertezza <H> : 0.00872614
mu : 0.790901
sigma : -0.590729

-------------Blocco 88-esimo---------------
beta : 88
<H> : -0.444034
Incertezza <H> : 0.00889967
mu : 0.801631
sigma : -0.585932

-------------Blocco 89-esimo---------------
beta : 89
<H> : -0.437365
Incertezza <H> : 0.00875821
mu : 0.785476
sigma : -0.637907

-------------Blocco 90-esimo---------------
beta : 90
<H> : -0.440534
Incertezza <H> : 0.00882123
mu : 0.80688
sigma : -0.648065

-------------Blocco 91-esimo---------------
beta : 91
<H> : -0.433131
Incertezza <H> : 0.00867928
mu : 0.893012
sigma : -0.631173

-------------Blocco 92-esimo---------------
beta : 92
<H> : -0.426897
Incertezza <H> : 0.00855761
mu : 0.907649
sigma : -0.624819

-------------Blocco 93-esimo---------------
beta : 93
<H> : -0.441833
Incertezza <H> : 0.00885533
mu : 0.861679
sigma : -0.599642

-------------Blocco 94-esimo---------------
beta : 94
<H> : -0.426765
Incertezza <H> : 0.00855734
mu : 0.87163
sigma : -0.578132

-------------Blocco 95-esimo---------------
beta : 95
<H> : -0.447242
Incertezza <H> : 0.00895522
mu : 0.846393
sigma : -0.631498

-------------Blocco 96-esimo---------------
beta : 96
<H> : -0.447214
Incertezza <H> : 0.00896157
mu : 0.853319
sigma : -0.633416

-------------Blocco 97-esimo---------------
beta : 97
<H> : -0.445999
Incertezza <H> : 0.00893155
mu : 0.869302
sigma : -0.619074

-------------Blocco 98-esimo---------------
beta : 98
<H> : -0.442601
Incertezza <H> : 0.00886612
mu : 0.8653
sigma : -0.593151

-------------Blocco 99-esimo---------------
beta : 99
<H> : -0.433638
Incertezza <H> : 0.00869181
mu : 0.866174
sigma : -0.587103

-------------Blocco 100-esimo---------------
beta : 100
<H> : -0.43985
Incertezza <H> : 0.00882066
mu : 0.858723
sigma : -0.583317

