-0.383719   0.275481   -0.289363
-0.218543   0.468327   -0.255556
-0.39027   0.46718   -0.105994
-0.215844   0.30688   -0.117106
-0.0321466   0.293462   -0.269287
0.12617   0.442091   -0.269189
-0.0432446   0.46021   -0.110127
0.119219   0.271467   -0.0977278
0.291188   0.28192   -0.26902
0.472592   0.449577   -0.289475
0.289728   0.441152   -0.111485
0.465938   0.279094   -0.089452
-0.354232   -0.352782   -0.247452
-0.20581   -0.196155   -0.264043
-0.375927   -0.196635   -0.0846766
-0.209733   -0.397134   -0.0842542
-0.0675171   -0.377808   -0.256437
0.137846   -0.230067   -0.269668
-0.0541347   -0.221712   -0.0949064
0.133355   -0.391031   -0.118197
0.296494   -0.388277   -0.274466
0.470672   -0.21874   -0.276556
0.296701   -0.22652   -0.117027
0.451101   -0.389285   -0.121344
-0.38263   -0.0347937   -0.26592
-0.208131   0.116335   -0.276788
-0.366532   0.12734   -0.0993302
-0.204349   -0.0331376   -0.0864941
-0.0509599   -0.0459235   -0.258122
0.112741   0.109049   -0.273439
-0.047258   0.137499   -0.116542
0.110763   -0.0564802   -0.101942
0.279028   -0.0513746   -0.263669
0.451162   0.1107   -0.279061
0.286985   0.11892   -0.108473
0.445843   -0.0344016   -0.0960094
-0.376759   0.293097   0.0632244
-0.204587   0.4376   0.0636099
-0.379318   0.471764   0.214515
-0.2183   0.296631   0.214447
-0.0386847   0.294641   0.0381289
0.115219   0.436216   0.0415261
-0.0272765   0.441507   0.219121
0.11506   0.27839   0.243261
0.286023   0.285542   0.0671989
0.446659   0.454706   0.0616814
0.277277   0.43923   0.237844
0.453743   0.282158   0.24119
-0.38013   -0.385565   0.0428653
-0.209344   -0.23067   0.0754721
-0.380138   -0.234528   0.225794
-0.205628   -0.401679   0.232612
-0.0360238   -0.387154   0.0436266
0.130847   -0.217624   0.054412
-0.0351446   -0.233194   0.222969
0.12841   -0.38711   0.195484
0.297716   -0.379921   0.0545063
0.460347   -0.188768   0.079369
0.283021   -0.204414   0.24995
0.451318   -0.371686   0.203454
-0.390736   -0.0321038   0.0642926
-0.188541   0.122588   0.0514696
-0.375347   0.120072   0.21421
-0.227022   -0.0618403   0.232655
-0.0375189   -0.0554136   0.0834442
0.137578   0.100304   0.0689575
-0.0467587   0.118299   0.221824
0.1386   -0.051922   0.235373
0.291719   -0.0603663   0.0572986
0.446294   0.130941   0.0627946
0.31375   0.106326   0.229579
0.471886   -0.0540219   0.246139
-0.370182   0.280142   0.392819
-0.223585   0.448964   0.405413
-0.390552   0.437326   -0.441707
-0.22164   0.307931   -0.415302
-0.038407   0.29546   0.411355
0.1196   0.458382   0.39314
-0.0633963   0.465932   -0.428724
0.123393   0.288148   -0.434584
0.288436   0.281646   0.389841
0.481168   0.463651   0.383521
0.302422   0.456101   -0.448724
0.451996   0.284169   -0.4384
-0.363517   -0.377715   0.399503
-0.169465   -0.219459   0.388438
-0.373074   -0.217867   -0.452421
-0.229387   -0.37928   -0.437339
-0.036953   -0.396946   0.390125
0.116637   -0.239211   0.396352
-0.0460078   -0.248122   -0.426674
0.134937   -0.393902   -0.440371
0.296273   -0.390211   0.390409
0.46649   -0.221443   0.385287
0.288251   -0.223279   -0.457577
0.446324   -0.389454   -0.451675
-0.369487   -0.0600003   0.394134
-0.198071   0.119439   0.377154
-0.377813   0.104783   -0.460889
-0.198732   -0.0506874   -0.445336
-0.0241969   -0.0439077   0.394429
0.106591   0.129977   0.403339
-0.0427257   0.139186   -0.43952
0.123512   -0.0596201   -0.448246
0.309903   -0.051437   0.399366
0.46015   0.121776   0.403884
0.277386   0.117933   -0.438071
0.45971   -0.0566459   -0.441354
