0.479867   0.202626   -0.199039
-0.426612   -0.0197845   -0.252444
0.360752   0.0347463   0.131458
0.305281   -0.160976   0.0480633
0.332081   0.0841717   -0.493613
-0.333674   -0.0910571   0.12721
0.165836   -0.0631512   -0.325685
0.165515   -0.396348   -0.268897
-0.167931   0.0798356   0.188789
-0.470176   -0.109704   -0.0333083
0.0821195   0.170783   0.486427
0.00167919   0.253193   -0.296181
-0.280937   -0.115321   -0.103682
0.269644   -0.375505   -0.0151336
-0.453048   -0.441445   0.245488
0.109189   -0.446449   -0.46865
-0.248665   -0.191949   -0.274165
-0.0909544   0.455504   -0.0587849
-0.265191   0.358806   0.363959
-0.212167   -0.0338208   0.371255
-0.0716292   0.167391   0.342758
0.273686   0.200199   0.200984
-0.45018   -0.33089   0.0202993
-0.00117522   -0.338733   -0.0817917
-0.464524   -0.355203   -0.431268
-0.308475   -0.278945   0.196787
0.485122   -0.172546   0.169129
-0.283012   0.173275   0.405576
0.43353   0.426583   -0.0709814
-0.282475   0.484488   -0.467098
0.373326   -0.14083   -0.232243
0.0255577   0.0129572   0.219497
-0.0586001   -0.179128   0.375497
-0.14024   0.108104   -0.449257
0.350361   0.285765   0.411521
0.0514194   0.278701   0.246625
0.235442   0.346055   0.0582456
-0.0741716   -0.170634   0.0139001
0.165433   0.166722   -0.328258
-0.139441   0.00445432   -0.0726627
-0.00389331   0.00514759   0.407114
0.33349   -0.465147   0.374467
0.0658989   -0.25436   -0.404112
0.0779781   -0.2143   0.165778
-0.411352   -0.161146   -0.392096
-0.471523   0.0911348   -0.0184262
-0.0784906   0.308299   0.480574
-0.0967533   -0.375846   0.444733
0.278293   0.261055   -0.179079
-0.268472   0.153409   0.00880591
0.336583   0.285124   -0.348946
-0.181253   0.472603   0.129107
-0.435836   -0.234387   -0.192147
0.132425   0.1696   0.0547821
-0.286321   -0.385714   -0.279398
-0.071877   0.273506   0.0589213
-0.13129   0.195205   -0.162921
-0.415353   -0.432463   -0.141971
0.150374   0.388232   -0.30655
-0.130587   -0.118687   0.183015
0.375799   -0.343968   -0.200412
0.414283   0.3916   0.237447
-0.0489716   0.457409   0.301617
-0.335793   0.286671   -0.40967
-0.212859   -0.329946   -0.0658052
-0.266819   0.257381   0.175276
0.0734409   0.328656   -0.116929
-0.438207   0.43194   -0.312382
-0.0968514   -0.360023   -0.334851
-0.493391   0.284679   0.106906
-0.285903   -0.0339121   -0.447742
0.332034   -0.0170072   -0.0933805
-0.213072   0.429053   -0.279466
-0.293446   -0.244115   0.428546
0.351404   0.0487015   -0.280874
0.00601162   -0.48981   -0.222775
0.347593   -0.140752   0.328026
0.2361   0.469714   -0.152665
-0.0136251   0.00414169   -0.326344
-0.348714   0.159309   -0.15125
0.174369   0.471326   0.262019
-0.417131   -0.0605191   0.370652
-0.44659   0.12446   -0.475458
0.438334   0.122543   0.31823
-0.293672   0.36869   -0.107474
0.431997   -0.0876923   -0.485509
-0.463853   0.39901   0.431001
0.141219   0.372108   0.433867
-0.396804   0.45717   0.0539531
0.0818659   0.0110226   -0.136355
-0.13016   -0.166809   -0.435633
0.181476   -0.20029   -0.135797
0.200255   -0.15618   0.467228
0.315231   0.489562   -0.435801
0.333384   0.178054   0.00117904
0.120564   -0.0696863   0.038562
-0.240475   -0.436256   0.286566
-0.375536   0.0927049   0.195925
-0.210408   0.011668   -0.264191
-0.0845477   -0.333599   0.215174
0.102008   -0.44997   0.0988135
0.0836585   -0.336399   0.354888
-0.491425   -0.261545   0.374255
0.267658   -0.322047   0.21031
-0.04912   0.46793   -0.413122
-0.0530889   -0.167059   -0.188823
0.205778   0.0174819   0.299273
0.333914   -0.314712   -0.439583
