0.150582   -0.499742   -0.0588588
0.459698   -0.186844   -0.150296
-0.341567   0.274592   0.291568
0.11118   -0.371489   -0.0876575
0.467016   -0.15066   -0.479246
0.17966   0.377831   0.378482
0.226176   -0.333998   0.343105
0.0766098   0.168216   0.252693
0.123215   0.478754   0.480848
0.408646   -0.0456108   -0.139131
0.0215558   0.197018   0.0724831
-0.496696   -0.0382972   0.30672
-0.316389   -0.139501   -0.151589
-0.0524012   -0.190383   0.488243
-0.172335   -0.00797937   0.0524284
-0.0784179   -0.219729   -0.137261
0.445777   0.339143   0.200621
0.322192   -0.000542258   -0.043443
-0.44577   0.189015   -0.352781
0.231665   -0.480118   -0.0915249
-0.113987   -0.102069   -0.294854
0.0596176   -0.155414   -0.144528
-0.373084   -0.234107   0.290677
-0.126973   -0.18156   -0.252974
-0.253251   -0.477461   -0.119603
-0.404966   -0.354029   -0.450891
-0.0314301   -0.0801771   0.00758647
-0.235189   -0.16686   0.0756681
0.255756   0.371385   0.122168
-0.392245   0.261365   0.356634
0.026158   -0.317744   -0.184452
-0.138016   -0.121113   0.467262
0.311249   -0.301679   -0.401631
-0.224901   0.435339   -0.0478347
-0.441064   -0.357274   -0.352463
0.16486   0.335007   0.147267
0.18673   0.113937   -0.427991
0.338754   -0.104292   0.185793
-0.482326   -0.114791   0.244718
-0.469444   0.491052   0.430266
-0.22698   0.224575   0.328376
-0.373795   0.214165   0.0641925
-0.0606172   0.231981   0.274031
-0.238803   0.491431   0.0361979
-0.0527628   -0.494412   -0.374508
0.127928   0.243735   0.392328
0.338368   0.439394   0.13371
0.414861   -0.285762   0.0844159
-0.126222   0.269414   0.249453
-0.266715   -0.328815   0.0262408
0.0828842   -0.27149   0.19544
-0.26563   0.35852   0.0128788
0.307546   0.364546   0.206676
0.284229   0.0762812   0.0505272
-0.238354   0.300898   0.136619
0.0186542   0.490587   -0.410597
-0.359843   -0.0381813   0.223127
0.114992   -0.146172   -0.0203894
0.0796103   0.412485   0.4912
0.321193   -0.277949   0.295249
-0.327667   0.379504   0.460192
-0.286869   -0.419082   0.359737
0.205563   0.263545   -0.0726186
0.199871   0.287442   -0.174888
-0.367035   -0.404399   -0.174722
-0.389619   -0.13605   -0.093282
-0.167898   -0.259163   0.475247
0.0204699   0.349628   0.283219
-0.459808   0.404567   0.0770888
0.457149   -0.102666   -0.183965
0.156533   -0.15368   -0.189481
0.110815   0.142918   0.475532
0.245564   0.00539478   -0.399516
-0.0522743   0.398967   -0.279588
0.405492   0.263296   0.193815
0.277403   -0.487041   0.0246177
-0.218503   0.192189   0.458622
0.164867   0.423428   0.182527
0.00352573   -0.261053   0.386229
0.257059   -0.213177   0.260367
0.453746   -0.383514   0.201447
0.238292   -0.0100422   0.0609981
-0.178427   0.0967881   -0.316959
-0.373102   -0.340123   -0.100622
-0.377225   0.0737515   0.0230085
-0.302698   0.279551   0.214267
0.410185   0.183497   -0.425563
-0.123713   0.403436   -0.0937573
-0.136657   -0.372347   0.43434
-0.480996   0.0511198   0.476731
0.449352   -0.342373   0.455396
-0.422854   0.418996   0.471919
-0.176806   0.391958   0.471428
0.349399   0.015617   -0.370052
0.145911   0.331548   0.223535
-0.401444   -0.397577   0.207338
-0.0557943   -0.0852063   -0.0741939
0.004824   -0.477681   0.324927
0.0224272   0.119955   0.128993
-0.433409   -0.0959218   -0.235152
-0.416913   0.13941   -0.00394414
-0.13381   0.496138   -0.103826
-0.137592   -0.465478   0.11581
0.0862548   0.384711   0.282569
0.0779554   0.309886   0.374078
-0.38606   0.343426   0.0427536
0.217211   0.178333   -0.322117
-0.00986349   -0.496797   0.24606
