-0.206826   0.783457   -1.86747
-1.08441   1.71668   0.695327
-2.02688   0.170799   -2.6008
1.28195   -0.36595   -0.47616
1.2188   -1.78846   -0.364259
1.32247   -1.41586   2.00312
0.629084   0.83055   -0.697403
0.248541   -1.39309   0.0291391
-0.518433   -0.448252   0.00435226
0.865784   -0.380342   0.519538
0.517929   -0.0547755   -0.703439
-0.398785   -0.0518358   -2.04132
1.76614   0.0899954   0.468983
-1.3613   0.0651411   0.53616
0.0871934   -1.76315   -0.471936
0.154434   0.0698935   0.595012
-0.156936   -0.440091   -0.55374
0.824787   0.689286   1.82158
-0.00316797   1.05118   0.852446
0.109788   0.466139   1.19673
0.914158   0.204376   -0.519932
1.10159   1.28473   -0.562695
1.27823   -0.693723   0.298135
-1.49541   0.588369   0.919088
-0.339478   -0.887364   -0.913004
-1.4425   -0.607409   2.78602
-0.551676   0.499851   -1.84656
1.28697   0.237724   0.0283791
0.852583   0.104798   1.08325
-1.56611   1.17212   -0.33726
0.833187   0.991664   0.00225565
-1.53377   -0.323507   -0.636349
-1.78807   0.248414   1.47287
-1.77616   0.532551   -0.14962
1.6874   -1.97415   0.637133
0.373445   -0.901483   -0.894599
-1.66421   0.791476   -0.408201
-0.90122   0.352859   -1.37645
-1.22257   1.30327   0.629507
1.89968   0.514859   -0.32457
0.353852   -2.25626   0.141267
1.01607   1.66838   -1.0271
-1.13057   -1.41774   1.68524
1.01165   0.457428   -0.0202013
-0.174221   0.133257   -0.218196
-0.341876   0.81244   -0.733356
-0.207911   -1.5456   1.5301
-0.0545995   0.970815   -1.12847
-0.900576   0.957111   -0.0110428
-1.52342   -0.0678409   0.240507
-0.933656   0.417257   -0.0168483
0.109546   -0.919622   1.77775
0.309789   -1.29806   -0.970963
0.81522   -0.934439   -0.435904
0.120554   0.363846   -0.965158
-0.576604   -1.14688   -0.789982
-0.7723   0.714901   0.723182
-1.90747   -0.58123   1.13684
-2.19953   0.794245   -1.50077
0.661663   0.979948   -2.32489
3.27423   1.50053   1.09039
-0.186285   -0.253077   -0.932081
1.70482   0.410788   0.23814
2.4169   0.986882   0.335192
0.368525   0.281435   -0.258944
-1.5376   -1.8211   1.75242
2.64853   -0.263821   -1.52078
0.386182   0.725125   -1.81049
1.09616   0.672885   1.47555
0.262951   -0.731097   -1.03923
0.331686   2.8993   -1.70856
-1.58589   0.339094   -0.866701
0.0154064   0.614753   0.945952
2.17025   -0.699655   -1.4257
-0.943013   0.125922   0.000764657
-1.33215   0.799988   -1.52884
-0.269605   0.040104   0.625691
0.466885   0.583603   -0.204682
-0.884699   -0.0209654   0.830697
0.0339825   0.520338   -1.49454
1.56814   -0.853474   -1.38774
0.00848487   0.406866   -0.842595
-2.18447   -1.51939   1.72104
0.183217   0.0790416   0.569583
0.634876   -1.34315   1.43464
1.38158   -1.32889   1.72489
-1.30751   -0.813679   0.926315
-0.713385   -1.40264   1.65172
1.63438   -1.12591   2.12199
-0.028243   -0.969002   0.260214
-1.94693   1.45736   1.33426
0.252673   -0.115899   -0.460388
-0.570665   0.120201   3.03617
-0.627208   0.332555   -1.80346
-1.17556   0.529329   1.98206
-0.720577   1.25341   -0.766728
-2.01321   0.718595   -1.00821
0.489194   -0.816976   0.507235
0.617938   -0.00434865   0.759217
0.758419   1.48614   -0.0239797
1.90064   0.409373   -1.91776
0.374366   -1.66463   1.31185
-0.676376   -1.12702   -1.59097
0.336742   -0.759205   -2.48668
0.121897   1.84614   0.574192
-0.802407   -0.651564   0.954358
1.72156   0.46577   -0.340477
-0.546653   -0.692722   1.32972
