0.24404   0.400716   0.307078
-0.495482   -0.345573   -0.268303
0.449998   -0.227604   0.272111
0.187868   0.168962   -0.380395
0.364264   0.131708   0.202125
0.216726   -0.123994   -0.226499
-0.395792   -0.268541   0.283457
0.414651   0.457368   -0.250644
-0.17708   -0.471893   0.0704134
-0.0729822   0.331339   0.467954
-0.266016   0.156163   -0.0419272
-0.408285   -0.468716   0.048381
-0.422742   0.226771   0.134175
-0.0786349   -0.149335   0.41121
0.451912   -0.133879   -0.297777
0.469418   0.0942728   -0.157256
-0.485535   -0.439406   0.0268707
0.313652   0.400361   -0.11146
-0.170301   -0.317541   0.0277014
0.488191   0.422867   -0.201405
-0.111793   0.0298991   -0.157696
0.194393   0.121529   0.401449
-0.225175   0.13772   -0.331533
-0.0392681   0.140745   -0.0519141
0.24573   -0.0128429   0.448645
0.120278   0.469916   0.0932404
-0.352261   -0.490488   -0.479708
0.438413   0.0610035   -0.348271
0.221113   -0.226913   -0.393649
0.121307   0.00284144   0.145922
0.0845974   0.430148   0.166469
0.251628   -0.175192   -0.0829603
0.170759   0.272977   -0.0447079
0.0067162   0.0578887   -0.0237553
0.412694   0.0362542   -0.0970992
0.422261   -0.348225   -0.279091
-0.333441   -0.458168   -0.314366
0.311409   -0.060903   -0.433178
0.297679   -0.0571491   0.399731
0.290906   -0.277654   -0.333104
0.0886981   0.421783   -0.0130534
-0.042253   0.190715   -0.151118
-0.37568   -0.321853   -0.243359
0.132885   0.0379191   -0.416394
-0.212684   0.264039   -0.113021
0.27448   -0.466842   -0.0366418
0.335294   -0.392144   -0.478599
0.487499   0.0435886   0.363746
0.458737   -0.408944   -0.137066
0.0831362   0.0299764   0.481651
0.298415   -0.327083   0.0231955
0.372267   -0.332755   0.290526
0.345031   0.0413571   0.363443
0.0194132   0.394413   -0.0541136
-0.0925606   -0.199446   0.03015
-0.128108   -0.112213   -0.431702
0.399859   0.402054   0.443444
0.145204   -0.0685864   0.19306
0.155026   -0.442649   -0.0186986
0.383428   0.161704   0.343915
-0.0546762   -0.275748   0.380483
0.469671   0.171398   -0.0944758
0.211391   0.198272   -0.248173
0.00882126   -0.343391   -0.0338368
-0.0580983   0.0519531   0.390286
-0.111683   -0.119534   -0.157426
0.256128   0.295056   -0.0849538
-0.422582   -0.00937855   -0.233392
-0.328159   0.460036   0.0726932
-0.0471567   -0.132589   0.0449314
0.235835   0.140563   0.496826
0.311455   -0.154983   -0.247261
-0.463892   0.145041   0.205681
-0.0627065   0.113857   0.152997
0.260971   0.344436   0.394159
-0.42124   -0.140927   0.0913314
-0.124219   0.120061   0.0193499
-0.489842   0.315059   0.0315581
-0.143071   0.404468   -0.162459
-0.433342   -0.256097   0.401527
-0.302028   0.339527   0.473373
-0.0688993   -0.431783   0.0336296
0.00511977   0.162836   -0.239844
0.0363892   0.383825   -0.265123
0.109548   0.350367   0.0940608
0.400457   -0.225629   0.480159
0.378755   -0.470482   0.12097
0.490115   -0.280076   0.376293
-0.0810897   -0.0709201   -0.00861992
-0.21217   -0.0200594   0.0290865
-0.408016   -0.166615   0.399893
0.468922   -0.0410104   0.489403
0.114776   0.25474   0.375538
-0.274402   -0.186958   0.0247919
-0.0816999   -0.265333   0.177523
0.0351034   -0.190801   0.317741
0.366324   0.224256   0.025623
0.426893   -0.0590969   0.41299
0.00296931   -0.0808476   -0.268437
0.344851   0.00599451   0.288852
0.150939   0.492022   0.30499
-0.312939   -0.2001   0.155646
0.205546   -0.260748   0.497009
-0.320212   -0.298782   0.300259
0.17383   0.0204199   0.0268535
0.427965   0.185015   -0.208992
0.348908   -0.134632   0.438202
0.355544   0.217775   0.414685
