make.exe all --print-data-base --no-builtin-variables --no-builtin-rules --question
make: *** No rule to make target 'all'.  Stop.

# GNU Make 4.3
# Built for x86_64-pc-msys
# Copyright (C) 1988-2020 Free Software Foundation, Inc.
# License GPLv3+: GNU GPL version 3 or later <http://gnu.org/licenses/gpl.html>
# This is free software: you are free to change and redistribute it.
# There is NO WARRANTY, to the extent permitted by law.

# Make data base, printed on Sun Oct  2 18:56:56 2022

# Variables

# environment
SYSTEMDRIVE = C:
# environment
LC_ALL = C
# environment
USERPROFILE = C:\Users\chiar
# environment
TMPDIR = /c/Users/Public/Documents/Wondershare/CreatorTemp
# environment
LOCALAPPDATA = C:\Users\chiar\AppData\Local
# environment
VSCODE_CWD = C:\Users\chiar\AppData\Local\Programs\Microsoft VS Code
# environment
SYSTEMROOT = C:\WINDOWS
# environment
PROCESSOR_LEVEL = 6
# environment
PSMODULEPATH = C:\Program Files\WindowsPowerShell\Modules;C:\WINDOWS\system32\WindowsPowerShell\v1.0\Modules
# default
MAKE_COMMAND := make
# automatic
@D = $(patsubst %/,%,$(dir $@))
# environment
CHROME_CRASHPAD_PIPE_NAME = \\.\pipe\crashpad_21028_AMYZGMSEOTTNIKZY
# environment
VSCODE_HANDLES_UNCAUGHT_ERRORS = true
# default
.VARIABLES := 
# automatic
%D = $(patsubst %/,%,$(dir $%))
# automatic
^D = $(patsubst %/,%,$(dir $^))
# automatic
%F = $(notdir $%)
# environment
VSCODE_CODE_CACHE_PATH = C:\Users\chiar\AppData\Roaming\Code\CachedData\74b1f979648cc44d385a2286793c226e611f59e7
# environment
LANG = C
# default
.LOADED := 
# environment
TMP = /c/Users/chiar/AppData/Local/Temp
# default
.INCLUDE_DIRS = /usr/include /usr/include
# makefile
MAKEFLAGS = pqrR
# environment
ONEDRIVE = C:\Users\chiar\OneDrive
# makefile
CURDIR := /c/Users/chiar/Desktop/università/3 Anno 2021-2022/Laboratorio Sim. Numerica/LSN_Ballotta_Chiara - Copia su cui lavooro/Lab4/Ex-4
# environment
APPLICATION_INSIGHTS_NO_DIAGNOSTIC_CHANNEL = 1
# automatic
*D = $(patsubst %/,%,$(dir $*))
# environment
PROGRAMFILES = C:\Program Files
# environment
MFLAGS = -pqrR
# default
.SHELLFLAGS := -c
# environment
!C: = c:\Users\chiar\Desktop\università\3 Anno 2021-2022\Laboratorio Sim. Numerica\LSN_Ballotta_Chiara - Copia su cui lavooro\Lab4\Ex-4
# environment
COMMONPROGRAMW6432 = C:\Program Files\Common Files
# automatic
+D = $(patsubst %/,%,$(dir $+))
# makefile (from 'Makefile', line 1)
MAKEFILE_LIST := Makefile
# automatic
@F = $(notdir $@)
# environment
VSCODE_PID = 21028
# automatic
?D = $(patsubst %/,%,$(dir $?))
# environment
MSMPI_BIN = C:\Program Files\Microsoft MPI\Bin\
# automatic
*F = $(notdir $*)
# automatic
<D = $(patsubst %/,%,$(dir $<))
# environment
VSCODE_NLS_CONFIG = {"locale":"it","availableLanguages":{"*":"it"},"_languagePackId":"7a9ccbb39d855d2d5642a9a76174bf85.it","_translationsConfigFile":"C:\\Users\\chiar\\AppData\\Roaming\\Code\\clp\\7a9ccbb39d855d2d5642a9a76174bf85.it\\tcf.json","_cacheRoot":"C:\\Users\\chiar\\AppData\\Roaming\\Code\\clp\\7a9ccbb39d855d2d5642a9a76174bf85.it","_resolvedLanguagePackCoreLocation":"C:\\Users\\chiar\\AppData\\Roaming\\Code\\clp\\7a9ccbb39d855d2d5642a9a76174bf85.it\\74b1f979648cc44d385a2286793c226e611f59e7","_corruptedFile":"C:\\Users\\chiar\\AppData\\Roaming\\Code\\clp\\7a9ccbb39d855d2d5642a9a76174bf85.it\\corrupted.info","_languagePackSupport":true}
# environment
ONEDRIVECONSUMER = C:\Users\chiar\OneDrive
# default
MAKE_HOST := x86_64-pc-msys
# environment
PROGRAMDATA = C:\ProgramData
# default
SHELL := /bin/sh
# environment
HOMEPATH = \Users\chiar
# default
MAKECMDGOALS := all
# environment
DRIVERDATA = C:\Windows\System32\Drivers\DriverData
# environment
COMSPEC = C:\WINDOWS\system32\cmd.exe
# environment
WINDIR = C:\WINDOWS
# environment
MAKELEVEL := 0
# default
MAKE = $(MAKE_COMMAND)
# environment
PATH = /c/Program Files/Microsoft MPI/Bin:/c/WINDOWS/system32:/c/WINDOWS:/c/WINDOWS/System32/Wbem:/c/WINDOWS/System32/WindowsPowerShell/v1.0:/c/WINDOWS/System32/OpenSSH:/c/Users/chiar/Desktop/MathLab/bin:/c/Program Files/Pandoc:/c/Program Files/PuTTY:/c/Program Files/Git/cmd:/c/Users/chiar/AppData/Local/Microsoft/WindowsApps:/c/Users/chiar/AppData/Local/Programs/MiKTeX/miktex/bin/x64:/c/Users/chiar/AppData/Local/Programs/Microsoft VS Code/bin:/mingw64/bin:/usr/bin
# environment
COMPUTERNAME = DESKTOP-D765Q0R
# default
MAKEFILES := 
# automatic
^F = $(notdir $^)
# environment
PROMPT = $P$G
# environment
LOGONSERVER = \\DESKTOP-D765Q0R
# environment
USERNAME = chiar
# environment
COMMONPROGRAMFILES = C:\Program Files\Common Files
# automatic
?F = $(notdir $?)
# environment
PROGRAMW6432 = C:\Program Files
# environment
PATHEXT = .COM;.EXE;.BAT;.CMD;.VBS;.VBE;.JS;.JSE;.WSF;.WSH;.MSC
# automatic
+F = $(notdir $+)
# environment
ORIGINAL_XDG_CURRENT_DESKTOP = undefined
# environment
USERDOMAIN = DESKTOP-D765Q0R
# 'override' directive
GNUMAKEFLAGS := 
# environment
OS = Windows_NT
# environment
MSMPI_BENCHMARKS = C:\Program Files\Microsoft MPI\Benchmarks\
# makefile
.DEFAULT_GOAL := NVE_NVT.exe
# default
MAKE_VERSION := 4.3
# environment
PROGRAMFILES(X86) = C:\Program Files (x86)
# environment
USERDOMAIN_ROAMINGPROFILE = DESKTOP-D765Q0R
# environment
NUMBER_OF_PROCESSORS = 8
# environment
PUBLIC = C:\Users\Public
# environment
APPDATA = C:\Users\chiar\AppData\Roaming
# makefile (from 'Makefile', line 2)
CFLAGS = -Wall -O3 --std=c++11
# environment
HOMEDRIVE = C:
# environment
PROCESSOR_ARCHITECTURE = AMD64
# environment
VSCODE_AMD_ENTRYPOINT = vs/workbench/api/node/extensionHostProcess
# environment
HOME = /home/chiar
# environment
COMMONPROGRAMFILES(X86) = C:\Program Files (x86)\Common Files
# environment
ELECTRON_RUN_AS_NODE = 1
# environment
TEMP = /c/Users/chiar/AppData/Local/Temp
# environment
VSCODE_IPC_HOOK = \\.\pipe\fd2e9b2962e130bb8d60cee66c542f27-1.71.2-main-sock
# environment
TERM = xterm-256color
# default
.RECIPEPREFIX := 
# automatic
<F = $(notdir $<)
# default
SUFFIXES := 
# environment
ALLUSERSPROFILE = C:\ProgramData
# environment
SESSIONNAME = Console
# default
.FEATURES := target-specific order-only second-expansion else-if shortest-stem undefine oneshell nocomment grouped-target extra-prereqs archives jobserver output-sync check-symlink load
# environment
PROCESSOR_REVISION = 8e0c
# makefile (from 'Makefile', line 1)
CC = g++
# environment
PROCESSOR_IDENTIFIER = Intel64 Family 6 Model 142 Stepping 12, GenuineIntel
# variable set hash-table stats:
# Load=95/1024=9%, Rehash=0, Collisions=11/122=9%

# Pattern-specific Variable Values

# No pattern-specific variable values.

# Directories

# . (device 2696622928, inode 54887620458642709): 18 files, no impossibilities.

# 18 files, no impossibilities in 1 directories.

# Implicit Rules

# No implicit rules.

# Files

# Not a target:
Makefile:
#  Implicit rule search has been done.
#  Last modified 2022-08-23 18:12:58.2908707
#  File has been updated.
#  Successfully updated.

clean_dat_liq:
#  Implicit rule search has not been done.
#  Modification time never checked.
#  File has not been updated.
#  recipe to execute (from 'Makefile', line 17):
	rm *output/liquid/*.dat

clean:
#  Implicit rule search has not been done.
#  Modification time never checked.
#  File has not been updated.
#  recipe to execute (from 'Makefile', line 11):
	rm *.o NVE_NVT.exe

NVE_NVT.exe: MD_MC.o random.o
#  Implicit rule search has not been done.
#  Modification time never checked.
#  File has not been updated.
#  recipe to execute (from 'Makefile', line 5):
	$(CC) random.o MD_MC.o -o NVE_NVT.exe

clean_all:
#  Implicit rule search has not been done.
#  Modification time never checked.
#  File has not been updated.
#  recipe to execute (from 'Makefile', line 21):
	rm *output/solid/*.dat *output/liquid/*.dat *output/gas/*.dat ./NVE_NVT.exe seed.out

# Not a target:
random.cpp:
#  Implicit rule search has not been done.
#  Modification time never checked.
#  File has not been updated.

# Not a target:
.DEFAULT:
#  Implicit rule search has not been done.
#  Modification time never checked.
#  File has not been updated.

# Not a target:
all:
#  Command line target.
#  Implicit rule search has been done.
#  File does not exist.
#  File has not been updated.

# Not a target:
random.h:
#  Implicit rule search has not been done.
#  Modification time never checked.
#  File has not been updated.

clean_dat_gas:
#  Implicit rule search has not been done.
#  Modification time never checked.
#  File has not been updated.
#  recipe to execute (from 'Makefile', line 19):
	rm *output/gas/*.dat

esegui:
#  Implicit rule search has not been done.
#  Modification time never checked.
#  File has not been updated.
#  recipe to execute (from 'Makefile', line 13):
	./NVE_NVT.exe

random.o: random.cpp random.h
#  Implicit rule search has not been done.
#  Modification time never checked.
#  File has not been updated.
#  recipe to execute (from 'Makefile', line 9):
	$(CC) -c random.cpp -o random.o $(CFLAGS)

clean_dat_sol:
#  Implicit rule search has not been done.
#  Modification time never checked.
#  File has not been updated.
#  recipe to execute (from 'Makefile', line 15):
	rm *output/solid/*.dat

# Not a target:
MD_MC.cpp:
#  Implicit rule search has not been done.
#  Modification time never checked.
#  File has not been updated.

MD_MC.o: MD_MC.cpp
#  Implicit rule search has not been done.
#  Modification time never checked.
#  File has not been updated.
#  recipe to execute (from 'Makefile', line 7):
	$(CC) -c MD_MC.cpp -o MD_MC.o $(CFLAGS)

# files hash-table stats:
# Load=16/1024=2%, Rehash=0, Collisions=0/33=0%
# VPATH Search Paths

# No 'vpath' search paths.

# No general ('VPATH' variable) search path.

# strcache buffers: 1 (0) / strings = 28 / storage = 245 B / avg = 8 B
# current buf: size = 8162 B / used = 245 B / count = 28 / avg = 8 B

# strcache performance: lookups = 49 / hit rate = 42%
# hash-table stats:
# Load=28/8192=0%, Rehash=0, Collisions=0/49=0%
# Finished Make data base on Sun Oct  2 18:56:56 2022

 
