-0.489782   0.495075   0.49755
-0.320164   -0.334525   -0.488147
-0.493625   -0.343128   -0.340322
-0.331675   -0.497995   -0.328316
-0.169829   0.487141   0.471057
0.00406517   -0.338143   -0.495817
-0.143652   -0.339401   -0.34459
-0.00812184   0.488751   -0.341379
0.166764   0.481284   -0.487486
0.329774   -0.320273   -0.496565
0.161413   -0.333407   -0.341455
0.33364   0.497943   -0.324948
-0.477491   -0.164831   -0.495613
-0.315134   -0.00478548   0.490904
-0.491991   -0.0208851   -0.321602
-0.327745   -0.171156   -0.323334
-0.160483   -0.157678   0.492189
0.00896429   0.00639003   0.486351
-0.175538   -0.0148254   -0.346926
-0.00566595   -0.153595   -0.342726
0.161537   -0.175342   0.489379
0.346614   -0.0112961   -0.498075
0.173084   -0.015151   -0.344111
0.332068   -0.171548   -0.32433
-0.49702   0.149511   -0.495686
-0.341959   0.337455   -0.489198
-0.496429   0.333737   -0.335512
-0.343225   0.167529   -0.323456
-0.164831   0.182033   0.482382
0.00598315   0.333079   0.492871
-0.156731   0.309631   -0.348064
0.00886306   0.152006   -0.331692
0.16112   0.172868   -0.488505
0.331699   0.326405   -0.482075
0.168997   0.344462   -0.318436
0.32317   0.166589   -0.332461
-0.49403   -0.486193   -0.159231
-0.315306   -0.328251   -0.16205
-0.490251   -0.316953   0.0111544
-0.321943   0.498472   0.0094903
-0.168541   -0.499232   -0.175136
-0.00564351   -0.330932   -0.182944
-0.162679   -0.345617   -0.00836256
-0.00793683   0.48274   -0.0076012
0.163861   -0.477562   -0.175444
0.326445   -0.332149   -0.186152
0.150266   -0.343143   0.00510769
0.327996   -0.489275   -0.0055353
0.497038   -0.181659   -0.15114
-0.345127   -0.0068746   -0.160872
0.497664   0.0162193   -0.00635197
-0.32455   -0.155762   -0.00515754
-0.17204   -0.170026   -0.179772
-0.0181928   -0.0114712   -0.161023
-0.171596   0.0235613   0.0111383
-0.00727318   -0.168652   -0.0030474
0.153186   -0.165105   -0.171511
0.321842   0.00476576   -0.160996
0.170292   -0.000988236   0.00623941
0.314664   -0.181981   0.00426782
0.478317   0.159719   -0.17114
-0.327393   0.347187   -0.17938
0.481004   0.348877   0.012474
-0.344364   0.153252   0.006701
-0.170914   0.164069   -0.171339
0.00363084   0.31084   -0.167816
-0.170421   0.33156   -0.0161611
0.0156462   0.172497   0.00656718
0.157269   0.165096   -0.146201
0.314439   0.327281   -0.168167
0.166849   0.346036   -0.00972717
0.326923   0.183655   0.00554148
0.498341   -0.488548   0.158904
-0.332869   -0.303338   0.154072
0.486175   -0.340301   0.337364
-0.338259   -0.495755   0.32142
-0.151872   0.493346   0.169935
-0.000558924   -0.328154   0.16524
-0.156197   -0.329163   0.316352
-0.00749654   0.476382   0.331576
0.145802   -0.492502   0.162686
0.34292   -0.311388   0.176739
0.165242   -0.33543   0.339827
0.337524   -0.485547   0.35025
-0.495206   -0.14339   0.168629
-0.336779   -0.00216352   0.179915
-0.492093   4.44764e-05   0.341751
-0.325324   -0.17036   0.334139
-0.160721   -0.171615   0.163571
0.0258637   0.0126645   0.176595
-0.15701   -0.00680957   0.326692
0.000833674   -0.157045   0.316834
0.170622   -0.177272   0.175663
0.329985   0.00204444   0.182973
0.177769   0.0094829   0.34883
0.327437   -0.161779   0.332941
0.474961   0.159152   0.162965
-0.325999   0.314585   0.16938
0.481373   0.348681   0.325247
-0.33963   0.17009   0.340714
-0.169254   0.152833   0.183364
0.00268833   0.327908   0.158572
-0.185606   0.327025   0.325849
0.00610621   0.17179   0.331498
0.179053   0.176795   0.180938
0.330613   0.348874   0.166098
0.18794   0.344779   0.329382
0.347833   0.156158   0.334819
