1.45038   -0.599857   0.245793
1.3021   -0.002083   1.03785
0.245096   0.637286   -1.63326
0.00253031   -0.39353   -0.769171
0.574391   0.100463   -0.765126
-0.532074   0.199728   0.454551
-0.92184   -0.182247   0.0473436
0.233457   0.0545099   0.887131
-0.911343   0.652185   0.920463
0.550192   -1.48247   -0.0138642
1.59221   0.357275   0.264987
-0.0857839   -0.0807585   -0.154304
-0.116753   -0.326891   -0.859792
-0.624083   -0.53215   -0.0804499
-1.25468   0.278462   1.52226
-0.967809   -1.22902   -0.791257
-0.0760771   1.40346   1.00205
-0.409974   -0.443944   1.63126
-0.578359   -0.448895   1.276
0.483215   -0.74938   -0.911465
0.416761   -0.328875   1.66017
1.84965   0.0774002   -0.466188
-0.0462998   0.467392   -1.03074
0.0552366   -0.95077   -0.575954
-0.306447   -0.319878   -0.0155966
2.26363   1.14829   -1.95564
-0.0388356   0.00306193   1.29444
-1.74643   0.804857   1.25296
-1.45837   -0.539204   -0.442813
-1.60865   0.477569   -0.499705
0.952022   0.941197   -1.03834
-0.855555   -0.467348   -1.2359
1.17371   -0.913732   1.75628
-0.433598   -0.916109   0.887142
-0.95845   0.0472246   -1.31241
1.82486   -0.392495   -0.967316
0.996007   -0.629332   0.768989
0.946203   -0.737488   -1.1596
-0.860541   -0.478423   0.584964
-1.0337   -0.369764   -0.749456
-0.193246   -0.588205   0.53378
-1.02174   0.666256   -0.780386
0.407546   -1.42055   -0.424944
-0.189758   0.276634   0.22709
-1.26357   0.32959   -1.0115
-0.0677381   0.664486   0.193472
0.265448   0.542063   0.340346
1.65815   -0.825069   -0.0913397
-0.410218   0.000762745   -0.213044
-0.672674   -0.34982   -0.369156
-0.0158906   -0.401211   0.466193
-0.871153   -0.663615   -0.564963
-0.594804   1.6498   0.645987
0.139428   -1.34153   0.603411
-0.193905   0.0343937   -0.413701
0.597894   0.993196   0.0864653
-0.689067   -1.31233   -0.155143
-0.615485   0.832937   -0.282003
-1.42625   0.235179   0.0938681
0.0175792   -1.4228   -0.0126184
-1.31255   0.383444   -1.33386
0.613513   0.526081   -0.454297
-0.593919   -0.657661   0.444436
2.41007   1.21702   0.533996
-0.96163   1.1738   -1.83262
-0.735605   -2.70874   0.27347
0.429576   0.478213   0.616139
0.976193   1.19249   -0.832991
-0.0220992   -0.510746   0.999193
-0.501747   -2.51906   0.239097
-0.0584609   0.711924   -0.29336
0.199238   -1.69446   0.0708551
0.130101   -0.44572   -1.52129
0.643502   -0.123035   1.57421
-0.0331308   0.065526   -0.0153111
-0.19604   -0.0319235   -0.82895
0.0760798   0.170635   1.90144
0.30799   -0.980135   0.811544
0.222239   1.9828   1.19013
0.657108   1.30377   0.892359
0.901034   -1.25375   -0.963561
0.818786   1.48458   -0.403174
0.352032   0.917275   -1.81939
-0.705622   0.649207   -0.897129
-0.438363   0.507889   1.45836
1.50404   0.73963   -0.477191
1.23992   -1.06693   0.19014
-0.529506   1.62015   0.187817
0.104509   -0.142339   3.154
-1.33755   0.478303   -1.4305
1.71769   -0.389127   -0.957726
-0.687178   -1.68806   2.49827
-1.14773   0.633953   0.310436
1.27017   -0.70912   0.823325
-0.628516   -0.503626   -0.0322811
-0.635371   0.172732   -0.972867
-0.282773   0.749503   -0.806911
-0.0279188   0.372457   -2.51822
0.771915   0.77442   1.0048
-0.396606   0.730532   -0.190267
-1.12846   -0.490801   1.28402
-0.0169078   0.322149   0.255487
-0.0889753   1.25267   1.0324
0.0866243   2.38307   -0.814532
0.545132   -0.691047   0.136977
1.23877   0.988915   -1.46878
-0.037975   1.40447   0.850788
-0.658151   -0.817186   -0.80659
